<html>
<head>
<title>TestNG:  BasicInfo1</title>
<link href="../testng.css" rel="stylesheet" type="text/css" />
<link href="../my-testng.css" rel="stylesheet" type="text/css" />

<style type="text/css">
.log { display: none;} 
.stack-trace { display: none;} 
</style>
<script type="text/javascript">
<!--
function flip(e) {
  current = e.style.display;
  if (current == 'block') {
    e.style.display = 'none';
    return 0;
  }
  else {
    e.style.display = 'block';
    return 1;
  }
}

function toggleBox(szDivId, elem, msg1, msg2)
{
  var res = -1;  if (document.getElementById) {
    res = flip(document.getElementById(szDivId));
  }
  else if (document.all) {
    // this is the way old msie versions work
    res = flip(document.all[szDivId]);
  }
  if(elem) {
    if(res == 0) elem.innerHTML = msg1; else elem.innerHTML = msg2;
  }

}

function toggleAllBoxes() {
  if (document.getElementsByTagName) {
    d = document.getElementsByTagName('div');
    for (i = 0; i < d.length; i++) {
      if (d[i].className == 'log') {
        flip(d[i]);
      }
    }
  }
}

// -->
</script>

</head>
<body>
<h2 align='center'>BasicInfo1</h2><table border='1' align="center">
<tr>
<td>Tests passed/Failed/Skipped:</td><td>14/1/0</td>
</tr><tr>
<td>Started on:</td><td>Tue Sep 27 15:55:21 IST 2016</td>
</tr>
<tr><td>Total time:</td><td>174 seconds (174156 ms)</td>
</tr><tr>
<td>Included groups:</td><td>smoketest </td>
</tr><tr>
<td>Excluded groups:</td><td></td>
</tr>
</table><p/>
<small><i>(Hover the method name to see the test class name)</i></small><p/>
<table width='100%' border='1' class='invocation-failed'>
<tr><td colspan='4' align='center'><b>FAILED TESTS</b></td></tr>
<tr><td><b>Test method</b></td>
<td width="30%"><b>Exception</b></td>
<td width="10%"><b>Time (seconds)</b></td>
<td><b>Instance</b></td>
</tr>
<tr>
<td title='com.sureifylife.WebApp.appProcess()'><b>appProcess</b><br>Test class: com.sureifylife.WebApp</td>
<td><div><pre>org.openqa.selenium.InvalidElementStateException: invalid element state: Element must be user-editable in order to clear it.
  (Session info: chrome=53.0.2785.101)
  (Driver info: chromedriver=2.23.409687 (c46e862757edc04c06b1bd88724d15a5807b84d1),platform=Linux 3.13.0-41-generic x86_64) (WARNING: The server did not provide any stacktrace information)
Command duration or timeout: 141 milliseconds
Build info: version: &apos;2.53.0&apos;, revision: &apos;35ae25b&apos;, time: &apos;2016-03-15 16:57:40&apos;
System info: host: &apos;pradeep&apos;, ip: &apos;127.0.1.1&apos;, os.name: &apos;Linux&apos;, os.arch: &apos;amd64&apos;, os.version: &apos;3.13.0-41-generic&apos;, java.version: &apos;1.8.0_91&apos;
Driver info: org.openqa.selenium.chrome.ChromeDriver
Capabilities [{applicationCacheEnabled=false, rotatable=false, mobileEmulationEnabled=false, networkConnectionEnabled=false, chrome={chromedriverVersion=2.23.409687 (c46e862757edc04c06b1bd88724d15a5807b84d1), userDataDir=/tmp/.org.chromium.Chromium.Tn44fs}, takesHeapSnapshot=true, databaseEnabled=false, handlesAlerts=true, hasTouchScreen=false, version=53.0.2785.101, platform=LINUX, browserConnectionEnabled=false, nativeEvents=true, acceptSslCerts=true, locationContextEnabled=true, webStorageEnabled=true, browserName=chrome, takesScreenshot=true, javascriptEnabled=true, cssSelectorsEnabled=true}]
Session ID: aef3d3d521e9c23ac2c7a2198a3ad40c
	at org.openqa.selenium.remote.ErrorHandler.createThrowable(ErrorHandler.java:206)
	at org.openqa.selenium.remote.ErrorHandler.throwIfResponseFailed(ErrorHandler.java:158)
	at org.openqa.selenium.remote.RemoteWebDriver.execute(RemoteWebDriver.java:678)
	at org.openqa.selenium.remote.RemoteWebElement.execute(RemoteWebElement.java:327)
	at org.openqa.selenium.remote.RemoteWebElement.clear(RemoteWebElement.java:140)
	at com.sureifylife.WebApp.appProcess(WebApp.java:497)
... Removed 28 stack frames</pre></div><a href='#' onClick='toggleBox("stack-trace1990519794", this, "Click to show all stack frames", "Click to hide stack frames")'>Click to show all stack frames</a>
<div class='stack-trace' id='stack-trace1990519794'><pre>org.openqa.selenium.InvalidElementStateException: invalid element state: Element must be user-editable in order to clear it.
  (Session info: chrome=53.0.2785.101)
  (Driver info: chromedriver=2.23.409687 (c46e862757edc04c06b1bd88724d15a5807b84d1),platform=Linux 3.13.0-41-generic x86_64) (WARNING: The server did not provide any stacktrace information)
Command duration or timeout: 141 milliseconds
Build info: version: &apos;2.53.0&apos;, revision: &apos;35ae25b&apos;, time: &apos;2016-03-15 16:57:40&apos;
System info: host: &apos;pradeep&apos;, ip: &apos;127.0.1.1&apos;, os.name: &apos;Linux&apos;, os.arch: &apos;amd64&apos;, os.version: &apos;3.13.0-41-generic&apos;, java.version: &apos;1.8.0_91&apos;
Driver info: org.openqa.selenium.chrome.ChromeDriver
Capabilities [{applicationCacheEnabled=false, rotatable=false, mobileEmulationEnabled=false, networkConnectionEnabled=false, chrome={chromedriverVersion=2.23.409687 (c46e862757edc04c06b1bd88724d15a5807b84d1), userDataDir=/tmp/.org.chromium.Chromium.Tn44fs}, takesHeapSnapshot=true, databaseEnabled=false, handlesAlerts=true, hasTouchScreen=false, version=53.0.2785.101, platform=LINUX, browserConnectionEnabled=false, nativeEvents=true, acceptSslCerts=true, locationContextEnabled=true, webStorageEnabled=true, browserName=chrome, takesScreenshot=true, javascriptEnabled=true, cssSelectorsEnabled=true}]
Session ID: aef3d3d521e9c23ac2c7a2198a3ad40c
	at sun.reflect.NativeConstructorAccessorImpl.newInstance0(Native Method)
	at sun.reflect.NativeConstructorAccessorImpl.newInstance(NativeConstructorAccessorImpl.java:62)
	at sun.reflect.DelegatingConstructorAccessorImpl.newInstance(DelegatingConstructorAccessorImpl.java:45)
	at java.lang.reflect.Constructor.newInstance(Constructor.java:423)
	at org.openqa.selenium.remote.ErrorHandler.createThrowable(ErrorHandler.java:206)
	at org.openqa.selenium.remote.ErrorHandler.throwIfResponseFailed(ErrorHandler.java:158)
	at org.openqa.selenium.remote.RemoteWebDriver.execute(RemoteWebDriver.java:678)
	at org.openqa.selenium.remote.RemoteWebElement.execute(RemoteWebElement.java:327)
	at org.openqa.selenium.remote.RemoteWebElement.clear(RemoteWebElement.java:140)
	at com.sureifylife.WebApp.appProcess(WebApp.java:497)
	at sun.reflect.NativeMethodAccessorImpl.invoke0(Native Method)
	at sun.reflect.NativeMethodAccessorImpl.invoke(NativeMethodAccessorImpl.java:62)
	at sun.reflect.DelegatingMethodAccessorImpl.invoke(DelegatingMethodAccessorImpl.java:43)
	at java.lang.reflect.Method.invoke(Method.java:498)
	at org.testng.internal.MethodInvocationHelper.invokeMethod(MethodInvocationHelper.java:85)
	at org.testng.internal.Invoker.invokeMethod(Invoker.java:639)
	at org.testng.internal.Invoker.invokeTestMethod(Invoker.java:816)
	at org.testng.internal.Invoker.invokeTestMethods(Invoker.java:1124)
	at org.testng.internal.TestMethodWorker.invokeTestMethods(TestMethodWorker.java:125)
	at org.testng.internal.TestMethodWorker.run(TestMethodWorker.java:108)
	at org.testng.TestRunner.privateRun(TestRunner.java:774)
	at org.testng.TestRunner.run(TestRunner.java:624)
	at org.testng.SuiteRunner.runTest(SuiteRunner.java:359)
	at org.testng.SuiteRunner.runSequentially(SuiteRunner.java:354)
	at org.testng.SuiteRunner.privateRun(SuiteRunner.java:312)
	at org.testng.SuiteRunner.run(SuiteRunner.java:261)
	at org.testng.SuiteRunnerWorker.runSuite(SuiteRunnerWorker.java:52)
	at org.testng.SuiteRunnerWorker.run(SuiteRunnerWorker.java:86)
	at org.testng.TestNG.runSuitesSequentially(TestNG.java:1215)
	at org.testng.TestNG.runSuitesLocally(TestNG.java:1140)
	at org.testng.TestNG.run(TestNG.java:1048)
	at org.testng.remote.AbstractRemoteTestNG.run(AbstractRemoteTestNG.java:126)
	at org.testng.remote.RemoteTestNG.initAndRun(RemoteTestNG.java:152)
	at org.testng.remote.RemoteTestNG.main(RemoteTestNG.java:57)
</pre></div></td>
<td>0</td>
<td>com.sureifylife.WebApp@7c16905e</td></tr>
</table><p>
<table width='100%' border='1' class='invocation-passed'>
<tr><td colspan='4' align='center'><b>PASSED TESTS</b></td></tr>
<tr><td><b>Test method</b></td>
<td width="30%"><b>Exception</b></td>
<td width="10%"><b>Time (seconds)</b></td>
<td><b>Instance</b></td>
</tr>
<tr>
<td title='com.sureifylife.WebApp.BasicInfo()'><b>BasicInfo</b><br>Test class: com.sureifylife.WebApp<br/>
<a href="#Output-1110031167" onClick='toggleBox("Output-1110031167", this, "Show output", "Hide output");'>Show output</a>

<a href="#Output-1110031167" onClick="toggleAllBoxes();">Show all outputs</a>
<div class='log' id="Output-1110031167">
TEST NO : 22<br/>
	TITLE : Entering Into Basicinfo Quote Page<br/>
	STATUS : Enterend into Basicinfo Quote Page<br/>
	TEST : Passed<br/>
</div>
</td>
<td></td>
<td>0</td>
<td>com.sureifylife.WebApp@7c16905e</td></tr>
<tr>
<td title='com.sureifylife.WebApp.buyNow()'><b>buyNow</b><br>Test class: com.sureifylife.WebApp<br/>
<a href="#Output-2074820378" onClick='toggleBox("Output-2074820378", this, "Show output", "Hide output");'>Show output</a>

<a href="#Output-2074820378" onClick="toggleAllBoxes();">Show all outputs</a>
<div class='log' id="Output-2074820378">
TEST NO : 58<br/>
	Title: Click on Apply Button <br/>
	Input: N/A <br/>
	Status::Passed  Clicked on Confirm Button<br/>
</div>
</td>
<td></td>
<td>7</td>
<td>com.sureifylife.WebApp@7c16905e</td></tr>
<tr>
<td title='com.sureifylife.WebApp.clickLink()'><b>clickLink</b><br>Test class: com.sureifylife.WebApp<br/>
<a href="#Output-335359181" onClick='toggleBox("Output-335359181", this, "Show output", "Hide output");'>Show output</a>

<a href="#Output-335359181" onClick="toggleAllBoxes();">Show all outputs</a>
<div class='log' id="Output-335359181">
TEST NO : 63<br/>
	Status::Passed Controller redirect to Appprocess<br/>
</div>
</td>
<td></td>
<td>19</td>
<td>com.sureifylife.WebApp@7c16905e</td></tr>
<tr>
<td title='com.sureifylife.WebApp.confirmApply()'><b>confirmApply</b><br>Test class: com.sureifylife.WebApp<br/>
<a href="#Output-838473569" onClick='toggleBox("Output-838473569", this, "Show output", "Hide output");'>Show output</a>

<a href="#Output-838473569" onClick="toggleAllBoxes();">Show all outputs</a>
<div class='log' id="Output-838473569">
TEST NO : 50<br/>
	Title: Click on Confirm&Apply Button <br/>
	Input: N/A <br/>
	Status: Passed :: Clicked on Confirm&Apply Button<br/>
</div>
</td>
<td></td>
<td>6</td>
<td>com.sureifylife.WebApp@7c16905e</td></tr>
<tr>
<td title='com.sureifylife.WebApp.getCaptcha()'><b>getCaptcha</b><br>Test class: com.sureifylife.WebApp<br/>
<a href="#Output-268084911" onClick='toggleBox("Output-268084911", this, "Show output", "Hide output");'>Show output</a>

<a href="#Output-268084911" onClick="toggleAllBoxes();">Show all outputs</a>
<div class='log' id="Output-268084911">
TEST NO : 42<br/>
	Title: Click Captcha <br/>
	Status: Complete Captcha<br/>
	Test - PASSED<br/>
</div>
</td>
<td></td>
<td>60</td>
<td>com.sureifylife.WebApp@7c16905e</td></tr>
<tr>
<td title='com.sureifylife.WebApp.getQuotebutton2()'><b>getQuotebutton2</b><br>Test class: com.sureifylife.WebApp<br/>
<a href="#Output-2119891622" onClick='toggleBox("Output-2119891622", this, "Show output", "Hide output");'>Show output</a>

<a href="#Output-2119891622" onClick="toggleAllBoxes();">Show all outputs</a>
<div class='log' id="Output-2119891622">
TEST NO : 21<br/>
	Title: Click on Get Quote Button <br/>
	Input: N/A<br/>
	Status: Clicked on Get Quote Button<br/>
	Test - PASSED<br/>
	Title: Redirect to Basic Info Page <br/>
	Input: N/A<br/>
	Status: Redirected to  Basic Info Page<br/>
	Test - PASSED<br/>
</div>
</td>
<td></td>
<td>8</td>
<td>com.sureifylife.WebApp@7c16905e</td></tr>
<tr>
<td title='com.sureifylife.WebApp.getquoteButton()'><b>getquoteButton</b><br>Test class: com.sureifylife.WebApp<br/>
<a href="#Output-1406014249" onClick='toggleBox("Output-1406014249", this, "Show output", "Hide output");'>Show output</a>

<a href="#Output-1406014249" onClick="toggleAllBoxes();">Show all outputs</a>
<div class='log' id="Output-1406014249">
TEST NO : 43<br/>
	Title: Click on Get Quote Button <br/>
	Input: N/A <br/>
	Title: Check the user is existed or new <br/>
	Status:  Clicked on Get Quote Button<br/>
	Test - PASSED<br/>
</div>
</td>
<td></td>
<td>3</td>
<td>com.sureifylife.WebApp@7c16905e</td></tr>
<tr>
<td title='com.sureifylife.WebApp.lanchApp()'><b>lanchApp</b><br>Test class: com.sureifylife.WebApp</td>
<td></td>
<td>3</td>
<td>com.sureifylife.WebApp@7c16905e</td></tr>
<tr>
<td title='com.sureifylife.WebApp.lanchGmail()'><b>lanchGmail</b><br>Test class: com.sureifylife.WebApp<br/>
<a href="#Output-1206051975" onClick='toggleBox("Output-1206051975", this, "Show output", "Hide output");'>Show output</a>

<a href="#Output-1206051975" onClick="toggleAllBoxes();">Show all outputs</a>
<div class='log' id="Output-1206051975">
TEST NO : 61<br/>
</div>
</td>
<td></td>
<td>5</td>
<td>com.sureifylife.WebApp@7c16905e</td></tr>
<tr>
<td title='com.sureifylife.WebApp.mailLogin()'><b>mailLogin</b><br>Test class: com.sureifylife.WebApp<br>Parameters: suresh@sureify.com, suresh@sureify<br/>
<a href="#Output-652433136" onClick='toggleBox("Output-652433136", this, "Show output", "Hide output");'>Show output</a>

<a href="#Output-652433136" onClick="toggleAllBoxes();">Show all outputs</a>
<div class='log' id="Output-652433136">
TEST NO : 62<br/>
	Title Login into Gmail<br/>
	Status::Passed valid User Name :suresh@sureify.com<br/>
	Status::Passed valid Password :suresh@sureify<br/>
</div>
</td>
<td></td>
<td>22</td>
<td>com.sureifylife.WebApp@7c16905e</td></tr>
<tr>
<td title='com.sureifylife.WebApp.setUp()'><b>setUp</b><br>Test class: com.sureifylife.WebApp<br>Parameters: chrome, staging<br/>
<a href="#Output-154319946" onClick='toggleBox("Output-154319946", this, "Show output", "Hide output");'>Show output</a>

<a href="#Output-154319946" onClick="toggleAllBoxes();">Show all outputs</a>
<div class='log' id="Output-154319946">
CHROME Browser Lanched<br/>
Status: http://sureifylife.com/ Launched<br/>
</div>
</td>
<td></td>
<td>20</td>
<td>com.sureifylife.WebApp@7c16905e</td></tr>
<tr>
<td title='com.sureifylife.WebApp.validEmail()'><b>validEmail</b><br>Test class: com.sureifylife.WebApp<br/>
<a href="#Output-210281271" onClick='toggleBox("Output-210281271", this, "Show output", "Hide output");'>Show output</a>

<a href="#Output-210281271" onClick="toggleAllBoxes();">Show all outputs</a>
<div class='log' id="Output-210281271">
TEST NO : 41<br/>
	Input:s@s.c<br/>
	Status: Test PASSED - Email Accepted<br/>
	Input:s@s.c.in<br/>
	Status: Test PASSED - Email Accepted<br/>
	Input:suresh@sureify.com<br/>
	Status: Test PASSED - Email Accepted<br/>
</div>
</td>
<td></td>
<td>7</td>
<td>com.sureifylife.WebApp@7c16905e</td></tr>
<tr>
<td title='com.sureifylife.WebApp.validName()'><b>validName</b><br>Test class: com.sureifylife.WebApp<br/>
<a href="#Output-637241618" onClick='toggleBox("Output-637241618", this, "Show output", "Hide output");'>Show output</a>

<a href="#Output-637241618" onClick="toggleAllBoxes();">Show all outputs</a>
<div class='log' id="Output-637241618">
TEST NO : 39<br/>
	Title: Input Valid Name <br/>
	Input:a<br/>
	Status: Test PASSED - Name accepted<br/>
	Input:suresh test<br/>
	Status: Test PASSED - Name accepted<br/>
</div>
</td>
<td></td>
<td>4</td>
<td>com.sureifylife.WebApp@7c16905e</td></tr>
<tr>
<td title='com.sureifylife.WebApp.validzipcode()'><b>validzipcode</b><br>Test class: com.sureifylife.WebApp<br/>
<a href="#Output-550302731" onClick='toggleBox("Output-550302731", this, "Show output", "Hide output");'>Show output</a>

<a href="#Output-550302731" onClick="toggleAllBoxes();">Show all outputs</a>
<div class='log' id="Output-550302731">
TEST NO : 25<br/>
	Title: Input Valid Zipcode <br/>
	Input:12345<br/>
	Test PASSED - Zipcode accepted<br/>
</div>
</td>
<td></td>
<td>5</td>
<td>com.sureifylife.WebApp@7c16905e</td></tr>
</table><p>
</body>
</html>