<?xml version="1.0" encoding="UTF-8"?>
<!-- Generated by org.testng.reporters.JUnitXMLReporter -->
<testsuite hostname="pradeep" name="BasicInfo1" tests="15" failures="1" timestamp="27 Sep 2016 10:28:15 GMT" time="174.156" errors="0">
  <testcase name="setUp" time="20.268" classname="com.sureifylife.WebApp"/>
  <testcase name="lanchApp" time="3.005" classname="com.sureifylife.WebApp"/>
  <testcase name="getQuotebutton2" time="8.707" classname="com.sureifylife.WebApp"/>
  <testcase name="BasicInfo" time="0.088" classname="com.sureifylife.WebApp"/>
  <testcase name="validzipcode" time="5.248" classname="com.sureifylife.WebApp"/>
  <testcase name="validName" time="4.368" classname="com.sureifylife.WebApp"/>
  <testcase name="validEmail" time="7.056" classname="com.sureifylife.WebApp"/>
  <testcase name="getCaptcha" time="60.002" classname="com.sureifylife.WebApp"/>
  <testcase name="getquoteButton" time="3.192" classname="com.sureifylife.WebApp"/>
  <testcase name="confirmApply" time="6.142" classname="com.sureifylife.WebApp"/>
  <testcase name="buyNow" time="7.504" classname="com.sureifylife.WebApp"/>
  <testcase name="lanchGmail" time="5.555" classname="com.sureifylife.WebApp"/>
  <testcase name="mailLogin" time="22.816" classname="com.sureifylife.WebApp"/>
  <testcase name="clickLink" time="19.837" classname="com.sureifylife.WebApp"/>
  <testcase name="appProcess" time="0.279" classname="com.sureifylife.WebApp">
    <failure type="org.openqa.selenium.InvalidElementStateException" message="invalid element state: Element must be user-editable in order to clear it.
  (Session info: chrome=53.0.2785.101)
  (Driver info: chromedriver=2.23.409687 (c46e862757edc04c06b1bd88724d15a5807b84d1),platform=Linux 3.13.0-41-generic x86_64) (WARNING: The server did not provide any stacktrace information)
Command duration or timeout: 141 milliseconds
Build info: version: &amp;apos;2.53.0&amp;apos;, revision: &amp;apos;35ae25b&amp;apos;, time: &amp;apos;2016-03-15 16:57:40&amp;apos;
System info: host: &amp;apos;pradeep&amp;apos;, ip: &amp;apos;127.0.1.1&amp;apos;, os.name: &amp;apos;Linux&amp;apos;, os.arch: &amp;apos;amd64&amp;apos;, os.version: &amp;apos;3.13.0-41-generic&amp;apos;, java.version: &amp;apos;1.8.0_91&amp;apos;
Driver info: org.openqa.selenium.chrome.ChromeDriver
Capabilities [{applicationCacheEnabled=false, rotatable=false, mobileEmulationEnabled=false, networkConnectionEnabled=false, chrome={chromedriverVersion=2.23.409687 (c46e862757edc04c06b1bd88724d15a5807b84d1), userDataDir=/tmp/.org.chromium.Chromium.Tn44fs}, takesHeapSnapshot=true, databaseEnabled=false, handlesAlerts=true, hasTouchScreen=false, version=53.0.2785.101, platform=LINUX, browserConnectionEnabled=false, nativeEvents=true, acceptSslCerts=true, locationContextEnabled=true, webStorageEnabled=true, browserName=chrome, takesScreenshot=true, javascriptEnabled=true, cssSelectorsEnabled=true}]
Session ID: aef3d3d521e9c23ac2c7a2198a3ad40c">
      <![CDATA[org.openqa.selenium.InvalidElementStateException: invalid element state: Element must be user-editable in order to clear it.
  (Session info: chrome=53.0.2785.101)
  (Driver info: chromedriver=2.23.409687 (c46e862757edc04c06b1bd88724d15a5807b84d1),platform=Linux 3.13.0-41-generic x86_64) (WARNING: The server did not provide any stacktrace information)
Command duration or timeout: 141 milliseconds
Build info: version: '2.53.0', revision: '35ae25b', time: '2016-03-15 16:57:40'
System info: host: 'pradeep', ip: '127.0.1.1', os.name: 'Linux', os.arch: 'amd64', os.version: '3.13.0-41-generic', java.version: '1.8.0_91'
Driver info: org.openqa.selenium.chrome.ChromeDriver
Capabilities [{applicationCacheEnabled=false, rotatable=false, mobileEmulationEnabled=false, networkConnectionEnabled=false, chrome={chromedriverVersion=2.23.409687 (c46e862757edc04c06b1bd88724d15a5807b84d1), userDataDir=/tmp/.org.chromium.Chromium.Tn44fs}, takesHeapSnapshot=true, databaseEnabled=false, handlesAlerts=true, hasTouchScreen=false, version=53.0.2785.101, platform=LINUX, browserConnectionEnabled=false, nativeEvents=true, acceptSslCerts=true, locationContextEnabled=true, webStorageEnabled=true, browserName=chrome, takesScreenshot=true, javascriptEnabled=true, cssSelectorsEnabled=true}]
Session ID: aef3d3d521e9c23ac2c7a2198a3ad40c
	at org.openqa.selenium.remote.ErrorHandler.createThrowable(ErrorHandler.java:206)
	at org.openqa.selenium.remote.ErrorHandler.throwIfResponseFailed(ErrorHandler.java:158)
	at org.openqa.selenium.remote.RemoteWebDriver.execute(RemoteWebDriver.java:678)
	at org.openqa.selenium.remote.RemoteWebElement.execute(RemoteWebElement.java:327)
	at org.openqa.selenium.remote.RemoteWebElement.clear(RemoteWebElement.java:140)
	at com.sureifylife.WebApp.appProcess(WebApp.java:497)
... Removed 28 stack frames]]>
    </failure>
  </testcase> <!-- appProcess -->
</testsuite> <!-- BasicInfo1 -->
