<?xml version="1.0" encoding="UTF-8"?>
<!-- Generated by org.testng.reporters.JUnitXMLReporter -->
<testsuite hostname="pradeep" name="BasicInfo" tests="17" failures="1" timestamp="26 Sep 2016 09:39:35 GMT" time="179.242" errors="0">
  <testcase name="setUp" time="16.951" classname="com.sureifylife.WebApp"/>
  <testcase name="lanchApp" time="3.003" classname="com.sureifylife.WebApp"/>
  <testcase name="getQuotebutton2" time="14.346" classname="com.sureifylife.WebApp"/>
  <testcase name="BasicInfo" time="0.018" classname="com.sureifylife.WebApp"/>
  <testcase name="validzipcode" time="5.231" classname="com.sureifylife.WebApp"/>
  <testcase name="validName" time="4.368" classname="com.sureifylife.WebApp"/>
  <testcase name="validEmail" time="6.942" classname="com.sureifylife.WebApp"/>
  <testcase name="getCaptcha" time="60.005" classname="com.sureifylife.WebApp"/>
  <testcase name="getquoteButton" time="3.192" classname="com.sureifylife.WebApp"/>
  <testcase name="selectQuote" time="49.571" classname="com.sureifylife.WebApp"/>
  <testcase name="confirmApply" time="6.145" classname="com.sureifylife.WebApp"/>
  <testcase name="checkNewMonthlyPremium" time="0.017" classname="com.sureifylife.WebApp"/>
  <testcase name="checkNewYearlyPremium" time="0.026" classname="com.sureifylife.WebApp"/>
  <testcase name="checkNewCoverageAmount" time="0.018" classname="com.sureifylife.WebApp"/>
  <testcase name="checkNewDuration" time="0.021" classname="com.sureifylife.WebApp"/>
  <testcase name="CBasicinfo" time="9.262" classname="com.sureifylife.WebApp"/>
  <testcase name="getQuoteInfo" time="0.033" classname="com.sureifylife.WebApp">
    <failure type="org.openqa.selenium.NoSuchElementException" message="no such element: Unable to locate element: {&amp;quot;method&amp;quot;:&amp;quot;xpath&amp;quot;,&amp;quot;selector&amp;quot;:&amp;quot;//ul[@id=&amp;apos;quote_process&amp;apos;]//a[text = &amp;apos;Get Quote&amp;apos;]&amp;quot;}
  (Session info: chrome=53.0.2785.101)
  (Driver info: chromedriver=2.23.409687 (c46e862757edc04c06b1bd88724d15a5807b84d1),platform=Linux 3.13.0-41-generic x86_64) (WARNING: The server did not provide any stacktrace information)
Command duration or timeout: 30 milliseconds
For documentation on this error, please visit: http://seleniumhq.org/exceptions/no_such_element.html
Build info: version: &amp;apos;2.53.0&amp;apos;, revision: &amp;apos;35ae25b&amp;apos;, time: &amp;apos;2016-03-15 16:57:40&amp;apos;
System info: host: &amp;apos;pradeep&amp;apos;, ip: &amp;apos;127.0.1.1&amp;apos;, os.name: &amp;apos;Linux&amp;apos;, os.arch: &amp;apos;amd64&amp;apos;, os.version: &amp;apos;3.13.0-41-generic&amp;apos;, java.version: &amp;apos;1.8.0_91&amp;apos;
Driver info: org.openqa.selenium.chrome.ChromeDriver
Capabilities [{applicationCacheEnabled=false, rotatable=false, mobileEmulationEnabled=false, networkConnectionEnabled=false, chrome={chromedriverVersion=2.23.409687 (c46e862757edc04c06b1bd88724d15a5807b84d1), userDataDir=/tmp/.org.chromium.Chromium.flpLg6}, takesHeapSnapshot=true, databaseEnabled=false, handlesAlerts=true, hasTouchScreen=false, version=53.0.2785.101, platform=LINUX, browserConnectionEnabled=false, nativeEvents=true, acceptSslCerts=true, locationContextEnabled=true, webStorageEnabled=true, browserName=chrome, takesScreenshot=true, javascriptEnabled=true, cssSelectorsEnabled=true}]
Session ID: 63a8c50752a4aec3e212386cb9038bd2
*** Element info: {Using=xpath, value=//ul[@id=&amp;apos;quote_process&amp;apos;]//a[text = &amp;apos;Get Quote&amp;apos;]}">
      <![CDATA[org.openqa.selenium.NoSuchElementException: no such element: Unable to locate element: {"method":"xpath","selector":"//ul[@id='quote_process']//a[text = 'Get Quote']"}
  (Session info: chrome=53.0.2785.101)
  (Driver info: chromedriver=2.23.409687 (c46e862757edc04c06b1bd88724d15a5807b84d1),platform=Linux 3.13.0-41-generic x86_64) (WARNING: The server did not provide any stacktrace information)
Command duration or timeout: 30 milliseconds
For documentation on this error, please visit: http://seleniumhq.org/exceptions/no_such_element.html
Build info: version: '2.53.0', revision: '35ae25b', time: '2016-03-15 16:57:40'
System info: host: 'pradeep', ip: '127.0.1.1', os.name: 'Linux', os.arch: 'amd64', os.version: '3.13.0-41-generic', java.version: '1.8.0_91'
Driver info: org.openqa.selenium.chrome.ChromeDriver
Capabilities [{applicationCacheEnabled=false, rotatable=false, mobileEmulationEnabled=false, networkConnectionEnabled=false, chrome={chromedriverVersion=2.23.409687 (c46e862757edc04c06b1bd88724d15a5807b84d1), userDataDir=/tmp/.org.chromium.Chromium.flpLg6}, takesHeapSnapshot=true, databaseEnabled=false, handlesAlerts=true, hasTouchScreen=false, version=53.0.2785.101, platform=LINUX, browserConnectionEnabled=false, nativeEvents=true, acceptSslCerts=true, locationContextEnabled=true, webStorageEnabled=true, browserName=chrome, takesScreenshot=true, javascriptEnabled=true, cssSelectorsEnabled=true}]
Session ID: 63a8c50752a4aec3e212386cb9038bd2
*** Element info: {Using=xpath, value=//ul[@id='quote_process']//a[text = 'Get Quote']}
	at org.openqa.selenium.remote.ErrorHandler.createThrowable(ErrorHandler.java:206)
	at org.openqa.selenium.remote.ErrorHandler.throwIfResponseFailed(ErrorHandler.java:158)
	at org.openqa.selenium.remote.RemoteWebDriver.execute(RemoteWebDriver.java:678)
	at org.openqa.selenium.remote.RemoteWebDriver.findElement(RemoteWebDriver.java:363)
	at org.openqa.selenium.remote.RemoteWebDriver.findElementByXPath(RemoteWebDriver.java:500)
	at org.openqa.selenium.By$ByXPath.findElement(By.java:361)
	at org.openqa.selenium.remote.RemoteWebDriver.findElement(RemoteWebDriver.java:355)
	at com.sureifylife.BasicInfo.getQuoteInfo(BasicInfo.java:1192)
	at com.sureifylife.WebApp.getQuoteInfo(WebApp.java:412)
... Removed 28 stack frames]]>
    </failure>
  </testcase> <!-- getQuoteInfo -->
</testsuite> <!-- BasicInfo -->
