<html>
<head>
<title>TestNG:  BasicInfo</title>
<link href="../testng.css" rel="stylesheet" type="text/css" />
<link href="../my-testng.css" rel="stylesheet" type="text/css" />

<style type="text/css">
.log { display: none;} 
.stack-trace { display: none;} 
</style>
<script type="text/javascript">
<!--
function flip(e) {
  current = e.style.display;
  if (current == 'block') {
    e.style.display = 'none';
    return 0;
  }
  else {
    e.style.display = 'block';
    return 1;
  }
}

function toggleBox(szDivId, elem, msg1, msg2)
{
  var res = -1;  if (document.getElementById) {
    res = flip(document.getElementById(szDivId));
  }
  else if (document.all) {
    // this is the way old msie versions work
    res = flip(document.all[szDivId]);
  }
  if(elem) {
    if(res == 0) elem.innerHTML = msg1; else elem.innerHTML = msg2;
  }

}

function toggleAllBoxes() {
  if (document.getElementsByTagName) {
    d = document.getElementsByTagName('div');
    for (i = 0; i < d.length; i++) {
      if (d[i].className == 'log') {
        flip(d[i]);
      }
    }
  }
}

// -->
</script>

</head>
<body>
<h2 align='center'>BasicInfo</h2><table border='1' align="center">
<tr>
<td>Tests passed/Failed/Skipped:</td><td>16/1/0</td>
</tr><tr>
<td>Started on:</td><td>Mon Sep 26 15:06:36 IST 2016</td>
</tr>
<tr><td>Total time:</td><td>179 seconds (179242 ms)</td>
</tr><tr>
<td>Included groups:</td><td></td>
</tr><tr>
<td>Excluded groups:</td><td></td>
</tr>
</table><p/>
<small><i>(Hover the method name to see the test class name)</i></small><p/>
<table width='100%' border='1' class='invocation-failed'>
<tr><td colspan='4' align='center'><b>FAILED TESTS</b></td></tr>
<tr><td><b>Test method</b></td>
<td width="30%"><b>Exception</b></td>
<td width="10%"><b>Time (seconds)</b></td>
<td><b>Instance</b></td>
</tr>
<tr>
<td title='com.sureifylife.WebApp.getQuoteInfo()'><b>getQuoteInfo</b><br>Test class: com.sureifylife.WebApp<br/>
<a href="#Output-1990519794" onClick='toggleBox("Output-1990519794", this, "Show output", "Hide output");'>Show output</a>

<a href="#Output-1990519794" onClick="toggleAllBoxes();">Show all outputs</a>
<div class='log' id="Output-1990519794">
TEST NO : 56<br/>
	Title: Click on Get Quote Info Button <br/>
	Input: N/A <br/>
</div>
</td>
<td><div><pre>org.openqa.selenium.NoSuchElementException: no such element: Unable to locate element: {&quot;method&quot;:&quot;xpath&quot;,&quot;selector&quot;:&quot;//ul[@id=&apos;quote_process&apos;]//a[text = &apos;Get Quote&apos;]&quot;}
  (Session info: chrome=53.0.2785.101)
  (Driver info: chromedriver=2.23.409687 (c46e862757edc04c06b1bd88724d15a5807b84d1),platform=Linux 3.13.0-41-generic x86_64) (WARNING: The server did not provide any stacktrace information)
Command duration or timeout: 30 milliseconds
For documentation on this error, please visit: http://seleniumhq.org/exceptions/no_such_element.html
Build info: version: &apos;2.53.0&apos;, revision: &apos;35ae25b&apos;, time: &apos;2016-03-15 16:57:40&apos;
System info: host: &apos;pradeep&apos;, ip: &apos;127.0.1.1&apos;, os.name: &apos;Linux&apos;, os.arch: &apos;amd64&apos;, os.version: &apos;3.13.0-41-generic&apos;, java.version: &apos;1.8.0_91&apos;
Driver info: org.openqa.selenium.chrome.ChromeDriver
Capabilities [{applicationCacheEnabled=false, rotatable=false, mobileEmulationEnabled=false, networkConnectionEnabled=false, chrome={chromedriverVersion=2.23.409687 (c46e862757edc04c06b1bd88724d15a5807b84d1), userDataDir=/tmp/.org.chromium.Chromium.flpLg6}, takesHeapSnapshot=true, databaseEnabled=false, handlesAlerts=true, hasTouchScreen=false, version=53.0.2785.101, platform=LINUX, browserConnectionEnabled=false, nativeEvents=true, acceptSslCerts=true, locationContextEnabled=true, webStorageEnabled=true, browserName=chrome, takesScreenshot=true, javascriptEnabled=true, cssSelectorsEnabled=true}]
Session ID: 63a8c50752a4aec3e212386cb9038bd2
*** Element info: {Using=xpath, value=//ul[@id=&apos;quote_process&apos;]//a[text = &apos;Get Quote&apos;]}
	at org.openqa.selenium.remote.ErrorHandler.createThrowable(ErrorHandler.java:206)
	at org.openqa.selenium.remote.ErrorHandler.throwIfResponseFailed(ErrorHandler.java:158)
	at org.openqa.selenium.remote.RemoteWebDriver.execute(RemoteWebDriver.java:678)
	at org.openqa.selenium.remote.RemoteWebDriver.findElement(RemoteWebDriver.java:363)
	at org.openqa.selenium.remote.RemoteWebDriver.findElementByXPath(RemoteWebDriver.java:500)
	at org.openqa.selenium.By$ByXPath.findElement(By.java:361)
	at org.openqa.selenium.remote.RemoteWebDriver.findElement(RemoteWebDriver.java:355)
	at com.sureifylife.BasicInfo.getQuoteInfo(BasicInfo.java:1192)
	at com.sureifylife.WebApp.getQuoteInfo(WebApp.java:412)
... Removed 28 stack frames</pre></div><a href='#' onClick='toggleBox("stack-trace1990519794", this, "Click to show all stack frames", "Click to hide stack frames")'>Click to show all stack frames</a>
<div class='stack-trace' id='stack-trace1990519794'><pre>org.openqa.selenium.NoSuchElementException: no such element: Unable to locate element: {&quot;method&quot;:&quot;xpath&quot;,&quot;selector&quot;:&quot;//ul[@id=&apos;quote_process&apos;]//a[text = &apos;Get Quote&apos;]&quot;}
  (Session info: chrome=53.0.2785.101)
  (Driver info: chromedriver=2.23.409687 (c46e862757edc04c06b1bd88724d15a5807b84d1),platform=Linux 3.13.0-41-generic x86_64) (WARNING: The server did not provide any stacktrace information)
Command duration or timeout: 30 milliseconds
For documentation on this error, please visit: http://seleniumhq.org/exceptions/no_such_element.html
Build info: version: &apos;2.53.0&apos;, revision: &apos;35ae25b&apos;, time: &apos;2016-03-15 16:57:40&apos;
System info: host: &apos;pradeep&apos;, ip: &apos;127.0.1.1&apos;, os.name: &apos;Linux&apos;, os.arch: &apos;amd64&apos;, os.version: &apos;3.13.0-41-generic&apos;, java.version: &apos;1.8.0_91&apos;
Driver info: org.openqa.selenium.chrome.ChromeDriver
Capabilities [{applicationCacheEnabled=false, rotatable=false, mobileEmulationEnabled=false, networkConnectionEnabled=false, chrome={chromedriverVersion=2.23.409687 (c46e862757edc04c06b1bd88724d15a5807b84d1), userDataDir=/tmp/.org.chromium.Chromium.flpLg6}, takesHeapSnapshot=true, databaseEnabled=false, handlesAlerts=true, hasTouchScreen=false, version=53.0.2785.101, platform=LINUX, browserConnectionEnabled=false, nativeEvents=true, acceptSslCerts=true, locationContextEnabled=true, webStorageEnabled=true, browserName=chrome, takesScreenshot=true, javascriptEnabled=true, cssSelectorsEnabled=true}]
Session ID: 63a8c50752a4aec3e212386cb9038bd2
*** Element info: {Using=xpath, value=//ul[@id=&apos;quote_process&apos;]//a[text = &apos;Get Quote&apos;]}
	at sun.reflect.NativeConstructorAccessorImpl.newInstance0(Native Method)
	at sun.reflect.NativeConstructorAccessorImpl.newInstance(NativeConstructorAccessorImpl.java:62)
	at sun.reflect.DelegatingConstructorAccessorImpl.newInstance(DelegatingConstructorAccessorImpl.java:45)
	at java.lang.reflect.Constructor.newInstance(Constructor.java:423)
	at org.openqa.selenium.remote.ErrorHandler.createThrowable(ErrorHandler.java:206)
	at org.openqa.selenium.remote.ErrorHandler.throwIfResponseFailed(ErrorHandler.java:158)
	at org.openqa.selenium.remote.RemoteWebDriver.execute(RemoteWebDriver.java:678)
	at org.openqa.selenium.remote.RemoteWebDriver.findElement(RemoteWebDriver.java:363)
	at org.openqa.selenium.remote.RemoteWebDriver.findElementByXPath(RemoteWebDriver.java:500)
	at org.openqa.selenium.By$ByXPath.findElement(By.java:361)
	at org.openqa.selenium.remote.RemoteWebDriver.findElement(RemoteWebDriver.java:355)
	at com.sureifylife.BasicInfo.getQuoteInfo(BasicInfo.java:1192)
	at com.sureifylife.WebApp.getQuoteInfo(WebApp.java:412)
	at sun.reflect.NativeMethodAccessorImpl.invoke0(Native Method)
	at sun.reflect.NativeMethodAccessorImpl.invoke(NativeMethodAccessorImpl.java:62)
	at sun.reflect.DelegatingMethodAccessorImpl.invoke(DelegatingMethodAccessorImpl.java:43)
	at java.lang.reflect.Method.invoke(Method.java:498)
	at org.testng.internal.MethodInvocationHelper.invokeMethod(MethodInvocationHelper.java:85)
	at org.testng.internal.Invoker.invokeMethod(Invoker.java:639)
	at org.testng.internal.Invoker.invokeTestMethod(Invoker.java:816)
	at org.testng.internal.Invoker.invokeTestMethods(Invoker.java:1124)
	at org.testng.internal.TestMethodWorker.invokeTestMethods(TestMethodWorker.java:125)
	at org.testng.internal.TestMethodWorker.run(TestMethodWorker.java:108)
	at org.testng.TestRunner.privateRun(TestRunner.java:774)
	at org.testng.TestRunner.run(TestRunner.java:624)
	at org.testng.SuiteRunner.runTest(SuiteRunner.java:359)
	at org.testng.SuiteRunner.runSequentially(SuiteRunner.java:354)
	at org.testng.SuiteRunner.privateRun(SuiteRunner.java:312)
	at org.testng.SuiteRunner.run(SuiteRunner.java:261)
	at org.testng.SuiteRunnerWorker.runSuite(SuiteRunnerWorker.java:52)
	at org.testng.SuiteRunnerWorker.run(SuiteRunnerWorker.java:86)
	at org.testng.TestNG.runSuitesSequentially(TestNG.java:1215)
	at org.testng.TestNG.runSuitesLocally(TestNG.java:1140)
	at org.testng.TestNG.run(TestNG.java:1048)
	at org.testng.remote.AbstractRemoteTestNG.run(AbstractRemoteTestNG.java:126)
	at org.testng.remote.RemoteTestNG.initAndRun(RemoteTestNG.java:152)
	at org.testng.remote.RemoteTestNG.main(RemoteTestNG.java:57)
</pre></div></td>
<td>0</td>
<td>com.sureifylife.WebApp@675d3402</td></tr>
</table><p>
<table width='100%' border='1' class='invocation-passed'>
<tr><td colspan='4' align='center'><b>PASSED TESTS</b></td></tr>
<tr><td><b>Test method</b></td>
<td width="30%"><b>Exception</b></td>
<td width="10%"><b>Time (seconds)</b></td>
<td><b>Instance</b></td>
</tr>
<tr>
<td title='com.sureifylife.WebApp.BasicInfo()'><b>BasicInfo</b><br>Test class: com.sureifylife.WebApp<br/>
<a href="#Output-550302731" onClick='toggleBox("Output-550302731", this, "Show output", "Hide output");'>Show output</a>

<a href="#Output-550302731" onClick="toggleAllBoxes();">Show all outputs</a>
<div class='log' id="Output-550302731">
TEST NO : 22<br/>
	TITLE : Entering Into Basicinfo Quote Page<br/>
	STATUS : Enterend into Basicinfo Quote Page<br/>
	TEST : Passed<br/>
</div>
</td>
<td></td>
<td>0</td>
<td>com.sureifylife.WebApp@675d3402</td></tr>
<tr>
<td title='com.sureifylife.WebApp.CBasicinfo()'><b>CBasicinfo</b><br>Test class: com.sureifylife.WebApp<br/>
<a href="#Output-1187903677" onClick='toggleBox("Output-1187903677", this, "Show output", "Hide output");'>Show output</a>

<a href="#Output-1187903677" onClick="toggleAllBoxes();">Show all outputs</a>
<div class='log' id="Output-1187903677">
TEST NO : 55<br/>
	Title: Click on Basic Info Button <br/>
	Input: N/A <br/>
	Status::Passed Clicked on Basic Info Button<br/>
	Status::Passed to Moved  Basic Info<br/>
	Title: Click on Get Quote Button <br/>
	Input: N/A <br/>
	Status::Passed  Clicked on Get Quote Button<br/>
	Title: Click on Confirm&Apply Button <br/>
	Input: N/A <br/>
	Status::Passed  Clicked on Confirm&Apply Button<br/>
</div>
</td>
<td></td>
<td>9</td>
<td>com.sureifylife.WebApp@675d3402</td></tr>
<tr>
<td title='com.sureifylife.WebApp.checkNewCoverageAmount()'><b>checkNewCoverageAmount</b><br>Test class: com.sureifylife.WebApp<br/>
<a href="#Output-1963862935" onClick='toggleBox("Output-1963862935", this, "Show output", "Hide output");'>Show output</a>

<a href="#Output-1963862935" onClick="toggleAllBoxes();">Show all outputs</a>
<div class='log' id="Output-1963862935">
TEST NO : 53<br/>
	Title : Check new coverage amount  <br/>
	Status:: Passed Quote Page :1,000,000 ,Apply Page :1,000,000<br/>
</div>
</td>
<td></td>
<td>0</td>
<td>com.sureifylife.WebApp@675d3402</td></tr>
<tr>
<td title='com.sureifylife.WebApp.checkNewDuration()'><b>checkNewDuration</b><br>Test class: com.sureifylife.WebApp<br/>
<a href="#Output-769432223" onClick='toggleBox("Output-769432223", this, "Show output", "Hide output");'>Show output</a>

<a href="#Output-769432223" onClick="toggleAllBoxes();">Show all outputs</a>
<div class='log' id="Output-769432223">
TEST NO : 54<br/>
	Title : Check new Duration  <br/>
	Status:: Passed Quote Page :21 ,Apply Page :21<br/>
</div>
</td>
<td></td>
<td>0</td>
<td>com.sureifylife.WebApp@675d3402</td></tr>
<tr>
<td title='com.sureifylife.WebApp.checkNewMonthlyPremium()'><b>checkNewMonthlyPremium</b><br>Test class: com.sureifylife.WebApp<br/>
<a href="#Output-1664576493" onClick='toggleBox("Output-1664576493", this, "Show output", "Hide output");'>Show output</a>

<a href="#Output-1664576493" onClick="toggleAllBoxes();">Show all outputs</a>
<div class='log' id="Output-1664576493">
TEST NO : 51<br/>
	Title : Check new monthly premium  <br/>
	Status:: Passed Quote Page :207.09 ,Apply Page :207.09<br/>
</div>
</td>
<td></td>
<td>0</td>
<td>com.sureifylife.WebApp@675d3402</td></tr>
<tr>
<td title='com.sureifylife.WebApp.checkNewYearlyPremium()'><b>checkNewYearlyPremium</b><br>Test class: com.sureifylife.WebApp<br/>
<a href="#Output-42544488" onClick='toggleBox("Output-42544488", this, "Show output", "Hide output");'>Show output</a>

<a href="#Output-42544488" onClick="toggleAllBoxes();">Show all outputs</a>
<div class='log' id="Output-42544488">
TEST NO : 52<br/>
	Title : Check new yearly premium  <br/>
	Status:: Passed Quote Page :2485.08 ,Apply Page :2485.08<br/>
</div>
</td>
<td></td>
<td>0</td>
<td>com.sureifylife.WebApp@675d3402</td></tr>
<tr>
<td title='com.sureifylife.WebApp.confirmApply()'><b>confirmApply</b><br>Test class: com.sureifylife.WebApp<br/>
<a href="#Output-914507705" onClick='toggleBox("Output-914507705", this, "Show output", "Hide output");'>Show output</a>

<a href="#Output-914507705" onClick="toggleAllBoxes();">Show all outputs</a>
<div class='log' id="Output-914507705">
TEST NO : 50<br/>
	Title: Click on Confirm&Apply Button <br/>
	Input: N/A <br/>
	Status: Passed :: Clicked on Confirm&Apply Button<br/>
</div>
</td>
<td></td>
<td>6</td>
<td>com.sureifylife.WebApp@675d3402</td></tr>
<tr>
<td title='com.sureifylife.WebApp.getCaptcha()'><b>getCaptcha</b><br>Test class: com.sureifylife.WebApp<br/>
<a href="#Output-1678046232" onClick='toggleBox("Output-1678046232", this, "Show output", "Hide output");'>Show output</a>

<a href="#Output-1678046232" onClick="toggleAllBoxes();">Show all outputs</a>
<div class='log' id="Output-1678046232">
TEST NO : 42<br/>
	Title: Click Captcha <br/>
	Status: Complete Captcha<br/>
	Test - PASSED<br/>
</div>
</td>
<td></td>
<td>60</td>
<td>com.sureifylife.WebApp@675d3402</td></tr>
<tr>
<td title='com.sureifylife.WebApp.getQuotebutton2()'><b>getQuotebutton2</b><br>Test class: com.sureifylife.WebApp<br/>
<a href="#Output-454305524" onClick='toggleBox("Output-454305524", this, "Show output", "Hide output");'>Show output</a>

<a href="#Output-454305524" onClick="toggleAllBoxes();">Show all outputs</a>
<div class='log' id="Output-454305524">
TEST NO : 21<br/>
	Title: Click on Get Quote Button <br/>
	Input: N/A<br/>
	Status: Clicked on Get Quote Button<br/>
	Test - PASSED<br/>
	Title: Redirect to Basic Info Page <br/>
	Input: N/A<br/>
	Status: Redirected to  Basic Info Page<br/>
	Test - PASSED<br/>
</div>
</td>
<td></td>
<td>14</td>
<td>com.sureifylife.WebApp@675d3402</td></tr>
<tr>
<td title='com.sureifylife.WebApp.getquoteButton()'><b>getquoteButton</b><br>Test class: com.sureifylife.WebApp<br/>
<a href="#Output-1041365481" onClick='toggleBox("Output-1041365481", this, "Show output", "Hide output");'>Show output</a>

<a href="#Output-1041365481" onClick="toggleAllBoxes();">Show all outputs</a>
<div class='log' id="Output-1041365481">
TEST NO : 43<br/>
	Title: Click on Get Quote Button <br/>
	Input: N/A <br/>
	Title: Check the user is existed or new <br/>
	Status:  Clicked on Get Quote Button<br/>
	Test - PASSED<br/>
</div>
</td>
<td></td>
<td>3</td>
<td>com.sureifylife.WebApp@675d3402</td></tr>
<tr>
<td title='com.sureifylife.WebApp.lanchApp()'><b>lanchApp</b><br>Test class: com.sureifylife.WebApp</td>
<td></td>
<td>3</td>
<td>com.sureifylife.WebApp@675d3402</td></tr>
<tr>
<td title='com.sureifylife.WebApp.selectQuote()'><b>selectQuote</b><br>Test class: com.sureifylife.WebApp<br/>
<a href="#Output-739973450" onClick='toggleBox("Output-739973450", this, "Show output", "Hide output");'>Show output</a>

<a href="#Output-739973450" onClick="toggleAllBoxes();">Show all outputs</a>
<div class='log' id="Output-739973450">
TEST NO : 49<br/>

	Title: Move Coverage Amount Slider to $250,000<br/>
	Status: Passed::Slider moved to $250,000<br/>
	Title: Move Coverage Duration Slider to 10 years<br/>
	Status: Passsed :: Slider moved to 10 years<br/>
	Title: Check Mothly premiun <br/>
	Status: Passed :: Mothly premiun 47.54<br/>
	Title: Check Mothly premiun <br/>
	Status: Passed :: Yearly premiun 570.48<br/>
	Title: Move Coverage Duration Slider to 11 years<br/>
	Status: Passsed :: Slider moved to 11 years<br/>
	Title: Check Mothly premiun <br/>
	Status: Passed :: Mothly premiun 48.41<br/>
	Title: Check Mothly premiun <br/>
	Status: Passed :: Yearly premiun 580.92<br/>
	Title: Move Coverage Duration Slider to 21 years<br/>
	Status: Passsed :: Slider moved to 21 years<br/>
	Title: Check Mothly premiun <br/>
	Status: Passed :: Mothly premiun 49.7<br/>
	Title: Check Mothly premiun <br/>
	Status: Passed :: Yearly premiun 596.4<br/>

	Title: Move Coverage Amount Slider to $500,000<br/>
	Status: Passed::Slider moved to $500,000<br/>
	Title: Move Coverage Duration Slider to 10 years<br/>
	Status: Passsed :: Slider moved to 10 years<br/>
	Title: Check Mothly premiun <br/>
	Status: Passed :: Mothly premiun 79.23<br/>
	Title: Check Mothly premiun <br/>
	Status: Passed :: Yearly premiun 950.76<br/>
	Title: Move Coverage Duration Slider to 11 years<br/>
	Status: Passsed :: Slider moved to 11 years<br/>
	Title: Check Mothly premiun <br/>
	Status: Passed :: Mothly premiun 80.67<br/>
	Title: Check Mothly premiun <br/>
	Status: Passed :: Yearly premiun 968.04<br/>
	Title: Move Coverage Duration Slider to 21 years<br/>
	Status: Passsed :: Slider moved to 21 years<br/>
	Title: Check Mothly premiun <br/>
	Status: Passed :: Mothly premiun 82.83<br/>
	Title: Check Mothly premiun <br/>
	Status: Passed :: Yearly premiun 993.96<br/>

	Title: Move Coverage Amount Slider to $750,000<br/>
	Status: Passed::Slider moved to $750,000<br/>
	Title: Move Coverage Duration Slider to 10 years<br/>
	Status: Passsed :: Slider moved to 10 years<br/>
	Title: Check Mothly premiun <br/>
	Status: Passed :: Mothly premiun 126.78<br/>
	Title: Check Mothly premiun <br/>
	Status: Passed :: Yearly premiun 1521.36<br/>
	Title: Move Coverage Duration Slider to 11 years<br/>
	Status: Passsed :: Slider moved to 11 years<br/>
	Title: Check Mothly premiun <br/>
	Status: Passed :: Mothly premiun 129.08<br/>
	Title: Check Mothly premiun <br/>
	Status: Passed :: Yearly premiun 1548.96<br/>
	Title: Move Coverage Duration Slider to 21 years<br/>
	Status: Passsed :: Slider moved to 21 years<br/>
	Title: Check Mothly premiun <br/>
	Status: Passed :: Mothly premiun 132.54<br/>
	Title: Check Mothly premiun <br/>
	Status: Passed :: Yearly premiun 1590.48<br/>

	Title: Move Coverage Amount Slider to $1,000,000<br/>
	Status: Passed::Slider moved to $1,000,000<br/>
	Title: Move Coverage Duration Slider to 10 years<br/>
	Status: Passsed :: Slider moved to 10 years<br/>
	Title: Check Mothly premiun <br/>
	Status: Passed :: Mothly premiun 198.09<br/>
	Title: Check Mothly premiun <br/>
	Status: Passed :: Yearly premiun 2377.08<br/>
	Title: Move Coverage Duration Slider to 11 years<br/>
	Status: Passsed :: Slider moved to 11 years<br/>
	Title: Check Mothly premiun <br/>
	Status: Passed :: Mothly premiun 201.69<br/>
	Title: Check Mothly premiun <br/>
	Status: Passed :: Yearly premiun 2420.28<br/>
	Title: Move Coverage Duration Slider to 21 years<br/>
	Status: Passsed :: Slider moved to 21 years<br/>
	Title: Check Mothly premiun <br/>
	Status: Passed :: Mothly premiun 207.09<br/>
	Title: Check Mothly premiun <br/>
	Status: Passed :: Yearly premiun 2485.08<br/>
</div>
</td>
<td></td>
<td>49</td>
<td>com.sureifylife.WebApp@675d3402</td></tr>
<tr>
<td title='com.sureifylife.WebApp.setUp()'><b>setUp</b><br>Test class: com.sureifylife.WebApp<br>Parameters: chrome, staging<br/>
<a href="#Output-702061917" onClick='toggleBox("Output-702061917", this, "Show output", "Hide output");'>Show output</a>

<a href="#Output-702061917" onClick="toggleAllBoxes();">Show all outputs</a>
<div class='log' id="Output-702061917">
CHROME Browser Lanched<br/>
Status: http://sureifylife.com/ Launched<br/>
</div>
</td>
<td></td>
<td>16</td>
<td>com.sureifylife.WebApp@675d3402</td></tr>
<tr>
<td title='com.sureifylife.WebApp.validEmail()'><b>validEmail</b><br>Test class: com.sureifylife.WebApp<br/>
<a href="#Output-501705927" onClick='toggleBox("Output-501705927", this, "Show output", "Hide output");'>Show output</a>

<a href="#Output-501705927" onClick="toggleAllBoxes();">Show all outputs</a>
<div class='log' id="Output-501705927">
TEST NO : 41<br/>
	Input:s@s.c<br/>
	Status: Test PASSED - Email Accepted<br/>
	Input:s@s.c.in<br/>
	Status: Test PASSED - Email Accepted<br/>
	Input:suresh@sureify.com<br/>
	Status: Test PASSED - Email Accepted<br/>
</div>
</td>
<td></td>
<td>6</td>
<td>com.sureifylife.WebApp@675d3402</td></tr>
<tr>
<td title='com.sureifylife.WebApp.validName()'><b>validName</b><br>Test class: com.sureifylife.WebApp<br/>
<a href="#Output-2077528955" onClick='toggleBox("Output-2077528955", this, "Show output", "Hide output");'>Show output</a>

<a href="#Output-2077528955" onClick="toggleAllBoxes();">Show all outputs</a>
<div class='log' id="Output-2077528955">
TEST NO : 39<br/>
	Title: Input Valid Name <br/>
	Input:a<br/>
	Status: Test PASSED - Name accepted<br/>
	Input:suresh test<br/>
	Status: Test PASSED - Name accepted<br/>
</div>
</td>
<td></td>
<td>4</td>
<td>com.sureifylife.WebApp@675d3402</td></tr>
<tr>
<td title='com.sureifylife.WebApp.validzipcode()'><b>validzipcode</b><br>Test class: com.sureifylife.WebApp<br/>
<a href="#Output-900636745" onClick='toggleBox("Output-900636745", this, "Show output", "Hide output");'>Show output</a>

<a href="#Output-900636745" onClick="toggleAllBoxes();">Show all outputs</a>
<div class='log' id="Output-900636745">
TEST NO : 25<br/>
	Title: Input Valid Zipcode <br/>
	Input:12345<br/>
	Test PASSED - Zipcode accepted<br/>
</div>
</td>
<td></td>
<td>5</td>
<td>com.sureifylife.WebApp@675d3402</td></tr>
</table><p>
</body>
</html>