<?xml version="1.0" encoding="UTF-8"?>
<!-- Generated by org.testng.reporters.JUnitXMLReporter -->
<testsuite hostname="pradeep" name="GetQuote" tests="15" failures="1" timestamp="18 Nov 2016 04:53:19 GMT" time="10.243" errors="0">
  <testcase name="setUp" time="7.124" classname="com.sureifylife.WebApp"/>
  <testcase name="lanchApp" time="3.003" classname="com.sureifylife.WebApp"/>
  <testcase name="getQuotebutton2" time="0.033" classname="com.sureifylife.WebApp">
    <failure type="org.openqa.selenium.NoSuchWindowException" message="no such window: target window already closed
from unknown error: web view not found
  (Session info: chrome=53.0.2785.101)
  (Driver info: chromedriver=2.23.409687 (c46e862757edc04c06b1bd88724d15a5807b84d1),platform=Linux 3.13.0-41-generic x86_64) (WARNING: The server did not provide any stacktrace information)
Command duration or timeout: 25 milliseconds
Build info: version: &amp;apos;unknown&amp;apos;, revision: &amp;apos;350cf60&amp;apos;, time: &amp;apos;2016-10-13 10:43:56 -0700&amp;apos;
System info: host: &amp;apos;pradeep&amp;apos;, ip: &amp;apos;127.0.1.1&amp;apos;, os.name: &amp;apos;Linux&amp;apos;, os.arch: &amp;apos;amd64&amp;apos;, os.version: &amp;apos;3.13.0-41-generic&amp;apos;, java.version: &amp;apos;1.8.0_91&amp;apos;
Driver info: org.openqa.selenium.chrome.ChromeDriver
Capabilities [{applicationCacheEnabled=false, rotatable=false, mobileEmulationEnabled=false, networkConnectionEnabled=false, chrome={chromedriverVersion=2.23.409687 (c46e862757edc04c06b1bd88724d15a5807b84d1), userDataDir=/tmp/.org.chromium.Chromium.JmEyrQ}, takesHeapSnapshot=true, databaseEnabled=false, handlesAlerts=true, hasTouchScreen=false, version=53.0.2785.101, platform=LINUX, browserConnectionEnabled=false, nativeEvents=true, acceptSslCerts=true, locationContextEnabled=true, webStorageEnabled=true, browserName=chrome, takesScreenshot=true, javascriptEnabled=true, cssSelectorsEnabled=true}]
Session ID: eecef5b76e1e693c39e0986513280775">
      <![CDATA[org.openqa.selenium.NoSuchWindowException: no such window: target window already closed
from unknown error: web view not found
  (Session info: chrome=53.0.2785.101)
  (Driver info: chromedriver=2.23.409687 (c46e862757edc04c06b1bd88724d15a5807b84d1),platform=Linux 3.13.0-41-generic x86_64) (WARNING: The server did not provide any stacktrace information)
Command duration or timeout: 25 milliseconds
Build info: version: 'unknown', revision: '350cf60', time: '2016-10-13 10:43:56 -0700'
System info: host: 'pradeep', ip: '127.0.1.1', os.name: 'Linux', os.arch: 'amd64', os.version: '3.13.0-41-generic', java.version: '1.8.0_91'
Driver info: org.openqa.selenium.chrome.ChromeDriver
Capabilities [{applicationCacheEnabled=false, rotatable=false, mobileEmulationEnabled=false, networkConnectionEnabled=false, chrome={chromedriverVersion=2.23.409687 (c46e862757edc04c06b1bd88724d15a5807b84d1), userDataDir=/tmp/.org.chromium.Chromium.JmEyrQ}, takesHeapSnapshot=true, databaseEnabled=false, handlesAlerts=true, hasTouchScreen=false, version=53.0.2785.101, platform=LINUX, browserConnectionEnabled=false, nativeEvents=true, acceptSslCerts=true, locationContextEnabled=true, webStorageEnabled=true, browserName=chrome, takesScreenshot=true, javascriptEnabled=true, cssSelectorsEnabled=true}]
Session ID: eecef5b76e1e693c39e0986513280775
	at org.openqa.selenium.remote.ErrorHandler.createThrowable(ErrorHandler.java:216)
	at org.openqa.selenium.remote.ErrorHandler.throwIfResponseFailed(ErrorHandler.java:168)
	at org.openqa.selenium.remote.RemoteWebDriver.execute(RemoteWebDriver.java:635)
	at org.openqa.selenium.remote.RemoteWebDriver.execute(RemoteWebDriver.java:658)
	at org.openqa.selenium.remote.RemoteWebDriver.getCurrentUrl(RemoteWebDriver.java:332)
	at com.sureifylife.LaunchApp.getQuotebutton2(LaunchApp.java:554)
	at com.sureifylife.WebApp.getQuotebutton2(WebApp.java:197)
... Removed 29 stack frames]]>
    </failure>
  </testcase> <!-- getQuotebutton2 -->
  <testcase name="BasicInfo" time="0.0" classname="com.sureifylife.WebApp">
    <skipped/>
  </testcase> <!-- BasicInfo -->
  <testcase name="validzipcode" time="0.0" classname="com.sureifylife.WebApp">
    <skipped/>
  </testcase> <!-- validzipcode -->
  <testcase name="validName" time="0.0" classname="com.sureifylife.WebApp">
    <skipped/>
  </testcase> <!-- validName -->
  <testcase name="validEmail" time="0.0" classname="com.sureifylife.WebApp">
    <skipped/>
  </testcase> <!-- validEmail -->
  <testcase name="getCaptcha" time="0.0" classname="com.sureifylife.WebApp">
    <skipped/>
  </testcase> <!-- getCaptcha -->
  <testcase name="getquoteButton" time="0.0" classname="com.sureifylife.WebApp">
    <skipped/>
  </testcase> <!-- getquoteButton -->
  <testcase name="selectQuote" time="0.0" classname="com.sureifylife.WebApp">
    <skipped/>
  </testcase> <!-- selectQuote -->
  <testcase name="confirmApply" time="0.0" classname="com.sureifylife.WebApp">
    <skipped/>
  </testcase> <!-- confirmApply -->
  <testcase name="checkFitbitDeviceVisible" time="0.0" classname="com.sureifylife.WebApp">
    <skipped/>
  </testcase> <!-- checkFitbitDeviceVisible -->
  <testcase name="buyNow" time="0.0" classname="com.sureifylife.WebApp">
    <skipped/>
  </testcase> <!-- buyNow -->
  <testcase name="bannerText" time="0.0" classname="com.sureifylife.WebApp">
    <skipped/>
  </testcase> <!-- bannerText -->
  <testcase name="checkResend_link_btn" time="0.0" classname="com.sureifylife.WebApp">
    <skipped/>
  </testcase> <!-- checkResend_link_btn -->
</testsuite> <!-- GetQuote -->
