<?xml version="1.0" encoding="UTF-8"?>
<!-- Generated by org.testng.reporters.JUnitXMLReporter -->
<testsuite hostname="pradeep" name="Ownership Info" tests="28" failures="1" timestamp="18 Nov 2016 04:09:21 GMT" time="0.358" errors="0">
  <testcase name="setUp" time="0.191" classname="com.sureifylife.WebApp">
    <failure type="org.openqa.selenium.WebDriverException" message="Cannot find firefox binary in PATH. Make sure firefox is installed. OS appears to be: LINUX
Build info: version: &amp;apos;unknown&amp;apos;, revision: &amp;apos;350cf60&amp;apos;, time: &amp;apos;2016-10-13 10:43:56 -0700&amp;apos;
System info: host: &amp;apos;pradeep&amp;apos;, ip: &amp;apos;127.0.1.1&amp;apos;, os.name: &amp;apos;Linux&amp;apos;, os.arch: &amp;apos;amd64&amp;apos;, os.version: &amp;apos;3.13.0-41-generic&amp;apos;, java.version: &amp;apos;1.8.0_91&amp;apos;
Driver info: driver.version: FirefoxDriver">
      <![CDATA[org.openqa.selenium.WebDriverException: Cannot find firefox binary in PATH. Make sure firefox is installed. OS appears to be: LINUX
Build info: version: 'unknown', revision: '350cf60', time: '2016-10-13 10:43:56 -0700'
System info: host: 'pradeep', ip: '127.0.1.1', os.name: 'Linux', os.arch: 'amd64', os.version: '3.13.0-41-generic', java.version: '1.8.0_91'
Driver info: driver.version: FirefoxDriver
	at org.openqa.selenium.firefox.internal.Executable.<init>(Executable.java:75)
	at org.openqa.selenium.firefox.FirefoxBinary.<init>(FirefoxBinary.java:60)
	at org.openqa.selenium.firefox.FirefoxBinary.<init>(FirefoxBinary.java:56)
	at org.openqa.selenium.firefox.FirefoxDriver.<init>(FirefoxDriver.java:127)
	at services.Browser.getBrowser(Browser.java:35)
	at com.sureifylife.WebApp.setUp(WebApp.java:54)
... Removed 25 stack frames]]>
    </failure>
  </testcase> <!-- setUp -->
  <testcase name="lanchApp" time="0.0" classname="com.sureifylife.WebApp">
    <skipped/>
  </testcase> <!-- lanchApp -->
  <testcase name="getQuotebutton2" time="0.0" classname="com.sureifylife.WebApp">
    <skipped/>
  </testcase> <!-- getQuotebutton2 -->
  <testcase name="BasicInfo" time="0.0" classname="com.sureifylife.WebApp">
    <skipped/>
  </testcase> <!-- BasicInfo -->
  <testcase name="validzipcode" time="0.0" classname="com.sureifylife.WebApp">
    <skipped/>
  </testcase> <!-- validzipcode -->
  <testcase name="validName" time="0.0" classname="com.sureifylife.WebApp">
    <skipped/>
  </testcase> <!-- validName -->
  <testcase name="validEmail" time="0.0" classname="com.sureifylife.WebApp">
    <skipped/>
  </testcase> <!-- validEmail -->
  <testcase name="getCaptcha" time="0.0" classname="com.sureifylife.WebApp">
    <skipped/>
  </testcase> <!-- getCaptcha -->
  <testcase name="getquoteButton" time="0.001" classname="com.sureifylife.WebApp">
    <skipped/>
  </testcase> <!-- getquoteButton -->
  <testcase name="confirmApply" time="0.0" classname="com.sureifylife.WebApp">
    <skipped/>
  </testcase> <!-- confirmApply -->
  <testcase name="buyNow" time="0.0" classname="com.sureifylife.WebApp">
    <skipped/>
  </testcase> <!-- buyNow -->
  <testcase name="lanchGmail" time="0.0" classname="com.sureifylife.WebApp">
    <skipped/>
  </testcase> <!-- lanchGmail -->
  <testcase name="mailLogin" time="0.0" classname="com.sureifylife.WebApp">
    <skipped/>
  </testcase> <!-- mailLogin -->
  <testcase name="clickLink" time="0.0" classname="com.sureifylife.WebApp">
    <skipped/>
  </testcase> <!-- clickLink -->
  <testcase name="createAccountInstance" time="0.0" classname="com.sureifylife.WebApp">
    <skipped/>
  </testcase> <!-- createAccountInstance -->
  <testcase name="validPassword" time="0.0" classname="com.sureifylife.WebApp">
    <skipped/>
  </testcase> <!-- validPassword -->
  <testcase name="validConfirmPassword" time="0.0" classname="com.sureifylife.WebApp">
    <skipped/>
  </testcase> <!-- validConfirmPassword -->
  <testcase name="captcha" time="0.0" classname="com.sureifylife.WebApp">
    <skipped/>
  </testcase> <!-- captcha -->
  <testcase name="clickCreat" time="0.0" classname="com.sureifylife.WebApp">
    <skipped/>
  </testcase> <!-- clickCreat -->
  <testcase name="personalInfo" time="0.0" classname="com.sureifylife.WebApp">
    <skipped/>
  </testcase> <!-- personalInfo -->
  <testcase name="clickNextInPersonalINfo" time="0.0" classname="com.sureifylife.WebApp">
    <skipped/>
  </testcase> <!-- clickNextInPersonalINfo -->
  <testcase name="BeneficiaryInfo" time="0.0" classname="com.sureifylife.WebApp">
    <skipped/>
  </testcase> <!-- BeneficiaryInfo -->
  <testcase name="next" time="0.0" classname="com.sureifylife.WebApp">
    <skipped/>
  </testcase> <!-- next -->
  <testcase name="ownershipInfo" time="0.0" classname="com.sureifylife.WebApp">
    <skipped/>
  </testcase> <!-- ownershipInfo -->
  <testcase name="select_Person_Me_Yes" time="0.0" classname="com.sureifylife.WebApp">
    <skipped/>
  </testcase> <!-- select_Person_Me_Yes -->
  <testcase name="select_Person_somoneElse" time="0.0" classname="com.sureifylife.WebApp">
    <skipped/>
  </testcase> <!-- select_Person_somoneElse -->
  <testcase name="trust" time="0.0" classname="com.sureifylife.WebApp">
    <skipped/>
  </testcase> <!-- trust -->
  <testcase name="select_Person_Me_No" time="0.0" classname="com.sureifylife.WebApp">
    <skipped/>
  </testcase> <!-- select_Person_Me_No -->
</testsuite> <!-- Ownership Info -->
