<?xml version="1.0" encoding="UTF-8"?>
<!-- Generated by org.testng.reporters.JUnitXMLReporter -->
<testsuite hostname="pradeep" name="Personal Info" tests="58" failures="1" timestamp="18 Nov 2016 05:11:26 GMT" time="632.508" errors="0">
  <testcase name="setUp" time="24.691" classname="com.sureifylife.WebApp"/>
  <testcase name="lanchApp" time="3.004" classname="com.sureifylife.WebApp"/>
  <testcase name="getQuotebutton2" time="8.767" classname="com.sureifylife.WebApp"/>
  <testcase name="BasicInfo" time="0.03" classname="com.sureifylife.WebApp"/>
  <testcase name="validzipcode" time="132.775" classname="com.sureifylife.WebApp"/>
  <testcase name="validName" time="125.64" classname="com.sureifylife.WebApp"/>
  <testcase name="validEmail" time="188.085" classname="com.sureifylife.WebApp"/>
  <testcase name="getCaptcha" time="42.599" classname="com.sureifylife.WebApp"/>
  <testcase name="getquoteButton" time="6.236" classname="com.sureifylife.WebApp"/>
  <testcase name="confirmApply" time="6.189" classname="com.sureifylife.WebApp"/>
  <testcase name="buyNow" time="5.124" classname="com.sureifylife.WebApp"/>
  <testcase name="lanchGmail" time="5.97" classname="com.sureifylife.WebApp"/>
  <testcase name="mailLogin" time="19.503" classname="com.sureifylife.WebApp"/>
  <testcase name="clickLink" time="63.648" classname="com.sureifylife.WebApp">
    <failure type="org.openqa.selenium.StaleElementReferenceException" message="Element not found in the cache - perhaps the page has changed since it was looked up
Command duration or timeout: 60.34 seconds
For documentation on this error, please visit: http://seleniumhq.org/exceptions/stale_element_reference.html
Build info: version: &amp;apos;unknown&amp;apos;, revision: &amp;apos;350cf60&amp;apos;, time: &amp;apos;2016-10-13 10:43:56 -0700&amp;apos;
System info: host: &amp;apos;pradeep&amp;apos;, ip: &amp;apos;127.0.1.1&amp;apos;, os.name: &amp;apos;Linux&amp;apos;, os.arch: &amp;apos;amd64&amp;apos;, os.version: &amp;apos;3.13.0-41-generic&amp;apos;, java.version: &amp;apos;1.8.0_91&amp;apos;
Driver info: org.openqa.selenium.firefox.FirefoxDriver
Capabilities [{applicationCacheEnabled=true, rotatable=false, handlesAlerts=true, databaseEnabled=true, version=45.0.2, platform=LINUX, nativeEvents=false, acceptSslCerts=true, webStorageEnabled=true, locationContextEnabled=true, browserName=firefox, takesScreenshot=true, javascriptEnabled=true, cssSelectorsEnabled=true}]
Session ID: 64cf2238-460f-4ff6-a73f-bd7d0d5291ee">
      <![CDATA[org.openqa.selenium.StaleElementReferenceException: Element not found in the cache - perhaps the page has changed since it was looked up
Command duration or timeout: 60.34 seconds
For documentation on this error, please visit: http://seleniumhq.org/exceptions/stale_element_reference.html
Build info: version: 'unknown', revision: '350cf60', time: '2016-10-13 10:43:56 -0700'
System info: host: 'pradeep', ip: '127.0.1.1', os.name: 'Linux', os.arch: 'amd64', os.version: '3.13.0-41-generic', java.version: '1.8.0_91'
Driver info: org.openqa.selenium.firefox.FirefoxDriver
Capabilities [{applicationCacheEnabled=true, rotatable=false, handlesAlerts=true, databaseEnabled=true, version=45.0.2, platform=LINUX, nativeEvents=false, acceptSslCerts=true, webStorageEnabled=true, locationContextEnabled=true, browserName=firefox, takesScreenshot=true, javascriptEnabled=true, cssSelectorsEnabled=true}]
Session ID: 64cf2238-460f-4ff6-a73f-bd7d0d5291ee
	at org.openqa.selenium.remote.ErrorHandler.createThrowable(ErrorHandler.java:216)
	at org.openqa.selenium.remote.ErrorHandler.throwIfResponseFailed(ErrorHandler.java:168)
	at org.openqa.selenium.remote.RemoteWebDriver.execute(RemoteWebDriver.java:635)
	at org.openqa.selenium.remote.RemoteWebElement.execute(RemoteWebElement.java:274)
	at org.openqa.selenium.remote.RemoteWebElement.click(RemoteWebElement.java:84)
	at com.sureifylife.Mailverification.clickLink(Mailverification.java:87)
	at com.sureifylife.WebApp.clickLink(WebApp.java:486)
Caused by: org.openqa.selenium.StaleElementReferenceException: Element not found in the cache - perhaps the page has changed since it was looked up
For documentation on this error, please visit: http://seleniumhq.org/exceptions/stale_element_reference.html
Build info: version: 'unknown', revision: '350cf60', time: '2016-10-13 10:43:56 -0700'
System info: host: 'pradeep', ip: '127.0.1.1', os.name: 'Linux', os.arch: 'amd64', os.version: '3.13.0-41-generic', java.version: '1.8.0_91'
Driver info: driver.version: unknown
	at <anonymous class>.fxdriver.cache.getElementAt(resource://fxdriver/modules/web-element-cache.js:9528)
	at <anonymous class>.Utils.getElementAt(file:///tmp/anonymous7439534742976017981webdriver-profile/extensions/fxdriver@googlecode.com/components/command-processor.js:10202)
	at <anonymous class>.fxdriver.preconditions.visible(file:///tmp/anonymous7439534742976017981webdriver-profile/extensions/fxdriver@googlecode.com/components/command-processor.js:10714)
	at <anonymous class>.DelayedCommand.prototype.checkPreconditions_(file:///tmp/anonymous7439534742976017981webdriver-profile/extensions/fxdriver@googlecode.com/components/command-processor.js:12688)
	at <anonymous class>.DelayedCommand.prototype.executeInternal_/h(file:///tmp/anonymous7439534742976017981webdriver-profile/extensions/fxdriver@googlecode.com/components/command-processor.js:12705)
	at <anonymous class>.fxdriver.Timer.prototype.setTimeout/<.notify(file:///tmp/anonymous7439534742976017981webdriver-profile/extensions/fxdriver@googlecode.com/components/command-processor.js:720)
... Removed 29 stack frames]]>
    </failure>
  </testcase> <!-- clickLink -->
  <testcase name="createAccountInstance" time="0.0" classname="com.sureifylife.WebApp">
    <skipped/>
  </testcase> <!-- createAccountInstance -->
  <testcase name="validPassword" time="0.0" classname="com.sureifylife.WebApp">
    <skipped/>
  </testcase> <!-- validPassword -->
  <testcase name="validConfirmPassword" time="0.0" classname="com.sureifylife.WebApp">
    <skipped/>
  </testcase> <!-- validConfirmPassword -->
  <testcase name="verifyShowAndHidePassword" time="0.0" classname="com.sureifylife.WebApp">
    <skipped/>
  </testcase> <!-- verifyShowAndHidePassword -->
  <testcase name="captcha" time="0.0" classname="com.sureifylife.WebApp">
    <skipped/>
  </testcase> <!-- captcha -->
  <testcase name="clickCreat" time="0.0" classname="com.sureifylife.WebApp">
    <skipped/>
  </testcase> <!-- clickCreat -->
  <testcase name="personalInfo" time="0.0" classname="com.sureifylife.WebApp">
    <skipped/>
  </testcase> <!-- personalInfo -->
  <testcase name="invalidFirstName" time="0.0" classname="com.sureifylife.WebApp">
    <skipped/>
  </testcase> <!-- invalidFirstName -->
  <testcase name="validFirstName" time="0.0" classname="com.sureifylife.WebApp">
    <skipped/>
  </testcase> <!-- validFirstName -->
  <testcase name="invalidMiddleName" time="0.0" classname="com.sureifylife.WebApp">
    <skipped/>
  </testcase> <!-- invalidMiddleName -->
  <testcase name="validMiddleName" time="0.0" classname="com.sureifylife.WebApp">
    <skipped/>
  </testcase> <!-- validMiddleName -->
  <testcase name="invalidLastName" time="0.0" classname="com.sureifylife.WebApp">
    <skipped/>
  </testcase> <!-- invalidLastName -->
  <testcase name="validLastName" time="0.0" classname="com.sureifylife.WebApp">
    <skipped/>
  </testcase> <!-- validLastName -->
  <testcase name="chooseBirth" time="0.0" classname="com.sureifylife.WebApp">
    <skipped/>
  </testcase> <!-- chooseBirth -->
  <testcase name="choosGender" time="0.0" classname="com.sureifylife.WebApp">
    <skipped/>
  </testcase> <!-- choosGender -->
  <testcase name="selectHeight" time="0.0" classname="com.sureifylife.WebApp">
    <skipped/>
  </testcase> <!-- selectHeight -->
  <testcase name="InvalidWeight" time="0.0" classname="com.sureifylife.WebApp">
    <skipped/>
  </testcase> <!-- InvalidWeight -->
  <testcase name="validWeight" time="0.001" classname="com.sureifylife.WebApp">
    <skipped/>
  </testcase> <!-- validWeight -->
  <testcase name="invalidSSN" time="0.0" classname="com.sureifylife.WebApp">
    <skipped/>
  </testcase> <!-- invalidSSN -->
  <testcase name="validSSN" time="0.0" classname="com.sureifylife.WebApp">
    <skipped/>
  </testcase> <!-- validSSN -->
  <testcase name="notInUs" time="0.0" classname="com.sureifylife.WebApp">
    <skipped/>
  </testcase> <!-- notInUs -->
  <testcase name="selectState" time="0.0" classname="com.sureifylife.WebApp">
    <skipped/>
  </testcase> <!-- selectState -->
  <testcase name="inavalidAddress1" time="0.0" classname="com.sureifylife.WebApp">
    <skipped/>
  </testcase> <!-- inavalidAddress1 -->
  <testcase name="validAddress1" time="0.0" classname="com.sureifylife.WebApp">
    <skipped/>
  </testcase> <!-- validAddress1 -->
  <testcase name="enterAddress2" time="0.0" classname="com.sureifylife.WebApp">
    <skipped/>
  </testcase> <!-- enterAddress2 -->
  <testcase name="inValidCity" time="0.0" classname="com.sureifylife.WebApp">
    <skipped/>
  </testcase> <!-- inValidCity -->
  <testcase name="validCity" time="0.0" classname="com.sureifylife.WebApp">
    <skipped/>
  </testcase> <!-- validCity -->
  <testcase name="selectUserState" time="0.0" classname="com.sureifylife.WebApp">
    <skipped/>
  </testcase> <!-- selectUserState -->
  <testcase name="invalidZipCode" time="0.0" classname="com.sureifylife.WebApp">
    <skipped/>
  </testcase> <!-- invalidZipCode -->
  <testcase name="validZipCode" time="0.0" classname="com.sureifylife.WebApp">
    <skipped/>
  </testcase> <!-- validZipCode -->
  <testcase name="invalidCellNumber" time="0.0" classname="com.sureifylife.WebApp">
    <skipped/>
  </testcase> <!-- invalidCellNumber -->
  <testcase name="validCellNumber" time="0.0" classname="com.sureifylife.WebApp">
    <skipped/>
  </testcase> <!-- validCellNumber -->
  <testcase name="invalidWorkNumber" time="0.0" classname="com.sureifylife.WebApp">
    <skipped/>
  </testcase> <!-- invalidWorkNumber -->
  <testcase name="validWorkNumber" time="0.0" classname="com.sureifylife.WebApp">
    <skipped/>
  </testcase> <!-- validWorkNumber -->
  <testcase name="invalidHomeNumber" time="0.0" classname="com.sureifylife.WebApp">
    <skipped/>
  </testcase> <!-- invalidHomeNumber -->
  <testcase name="validHomeNumber" time="0.0" classname="com.sureifylife.WebApp">
    <skipped/>
  </testcase> <!-- validHomeNumber -->
  <testcase name="invalidLicenseNumber" time="0.0" classname="com.sureifylife.WebApp">
    <skipped/>
  </testcase> <!-- invalidLicenseNumber -->
  <testcase name="validLicenseNumber" time="0.0" classname="com.sureifylife.WebApp">
    <skipped/>
  </testcase> <!-- validLicenseNumber -->
  <testcase name="driverState" time="0.0" classname="com.sureifylife.WebApp">
    <skipped/>
  </testcase> <!-- driverState -->
  <testcase name="invalidOccupation" time="0.0" classname="com.sureifylife.WebApp">
    <skipped/>
  </testcase> <!-- invalidOccupation -->
  <testcase name="validOccupation" time="0.0" classname="com.sureifylife.WebApp">
    <skipped/>
  </testcase> <!-- validOccupation -->
  <testcase name="invalidWorkZip" time="0.0" classname="com.sureifylife.WebApp">
    <skipped/>
  </testcase> <!-- invalidWorkZip -->
  <testcase name="validWorkZip" time="0.0" classname="com.sureifylife.WebApp">
    <skipped/>
  </testcase> <!-- validWorkZip -->
  <testcase name="clickNextInPersonalINfo" time="0.0" classname="com.sureifylife.WebApp">
    <skipped/>
  </testcase> <!-- clickNextInPersonalINfo -->
</testsuite> <!-- Personal Info -->
