<?xml version="1.0" encoding="UTF-8"?>
<!-- Generated by org.testng.reporters.JUnitReportReporter -->
<testsuite skipped="119" hostname="pradeep" name="com.sureifylife.WebApp" tests="194" failures="0" timestamp="18 Nov 2016 06:21:01 GMT" time="1196.894" errors="2">
  <testcase name="next" time="0.000" classname="com.sureifylife.WebApp">
    <skipped/>
  </testcase> <!-- next -->
  <testcase name="chooseSmoke" time="4.323" classname="com.sureifylife.WebApp"/>
  <testcase name="selectQuote" time="48.647" classname="com.sureifylife.WebApp"/>
  <testcase name="savings" time="8.687" classname="com.sureifylife.WebApp"/>
  <testcase name="getStarted" time="9.995" classname="com.sureifylife.WebApp"/>
  <testcase name="validPassword" time="3.288" classname="com.sureifylife.WebApp"/>
  <testcase name="invalidSSN" time="0.000" classname="com.sureifylife.WebApp">
    <skipped/>
  </testcase> <!-- invalidSSN -->
  <testcase name="pro_devices" time="9.886" classname="com.sureifylife.WebApp"/>
  <testcase name="lanchGmail" time="5.709" classname="com.sureifylife.WebApp"/>
  <testcase name="validEmail" time="187.064" classname="com.sureifylife.WebApp"/>
  <testcase name="driverState" time="0.000" classname="com.sureifylife.WebApp">
    <skipped/>
  </testcase> <!-- driverState -->
  <testcase name="smokeInfo" time="10.468" classname="com.sureifylife.WebApp"/>
  <testcase name="invalidWorkNumber" time="0.000" classname="com.sureifylife.WebApp">
    <skipped/>
  </testcase> <!-- invalidWorkNumber -->
  <testcase name="lifeInsurance" time="26.122" classname="com.sureifylife.WebApp"/>
  <testcase name="clickCvrgAmountQst" time="6.345" classname="com.sureifylife.WebApp"/>
  <testcase name="invalidPasswordData" time="19.883" classname="com.sureifylife.WebApp"/>
  <testcase name="invalidWorkZip" time="0.000" classname="com.sureifylife.WebApp">
    <skipped/>
  </testcase> <!-- invalidWorkZip -->
  <testcase name="clickNext" time="0.000" classname="com.sureifylife.WebApp">
    <skipped/>
  </testcase> <!-- clickNext -->
  <testcase name="faceAmountInfo" time="10.471" classname="com.sureifylife.WebApp"/>
  <testcase name="lanchApp" time="3.005" classname="com.sureifylife.WebApp"/>
  <testcase name="invalidZipCode" time="0.000" classname="com.sureifylife.WebApp">
    <skipped/>
  </testcase> <!-- invalidZipCode -->
  <testcase name="chooseBirth" time="0.000" classname="com.sureifylife.WebApp">
    <skipped/>
  </testcase> <!-- chooseBirth -->
  <testcase name="inValidCity" time="0.000" classname="com.sureifylife.WebApp">
    <skipped/>
  </testcase> <!-- inValidCity -->
  <testcase name="validLastName" time="0.000" classname="com.sureifylife.WebApp">
    <skipped/>
  </testcase> <!-- validLastName -->
  <testcase name="getQuotebutton2" time="2.442" classname="com.sureifylife.WebApp"/>
  <testcase name="genderInfo" time="10.367" classname="com.sureifylife.WebApp"/>
  <testcase name="invalidMiddleName" time="0.000" classname="com.sureifylife.WebApp">
    <skipped/>
  </testcase> <!-- invalidMiddleName -->
  <testcase name="confirmAddress" time="0.000" classname="com.sureifylife.WebApp">
    <skipped/>
  </testcase> <!-- confirmAddress -->
  <testcase name="validSSN" time="0.000" classname="com.sureifylife.WebApp">
    <skipped/>
  </testcase> <!-- validSSN -->
  <testcase name="invalidFirstName" time="0.000" classname="com.sureifylife.WebApp">
    <skipped/>
  </testcase> <!-- invalidFirstName -->
  <testcase name="clickPriceQst" time="6.266" classname="com.sureifylife.WebApp"/>
  <testcase name="invalidDiagnosis" time="0.000" classname="com.sureifylife.WebApp">
    <skipped/>
  </testcase> <!-- invalidDiagnosis -->
  <testcase name="invalidHealthcareProvider" time="0.000" classname="com.sureifylife.WebApp">
    <skipped/>
  </testcase> <!-- invalidHealthcareProvider -->
  <testcase name="getAquote_Savings" time="9.263" classname="com.sureifylife.WebApp"/>
  <testcase name="validDateofDiagnosis" time="0.000" classname="com.sureifylife.WebApp">
    <skipped/>
  </testcase> <!-- validDateofDiagnosis -->
  <testcase name="trySureify" time="17.203" classname="com.sureifylife.WebApp"/>
  <testcase name="startSaving" time="7.060" classname="com.sureifylife.WebApp"/>
  <testcase name="clogo" time="2.605" classname="com.sureifylife.WebApp"/>
  <testcase name="invalidCellNumber" time="0.001" classname="com.sureifylife.WebApp">
    <skipped/>
  </testcase> <!-- invalidCellNumber -->
  <testcase name="addContingentBenficiary" time="0.000" classname="com.sureifylife.WebApp">
    <skipped/>
  </testcase> <!-- addContingentBenficiary -->
  <testcase name="dlogo" time="2.484" classname="com.sureifylife.WebApp"/>
  <testcase name="removeContingentBenficiary" time="0.000" classname="com.sureifylife.WebApp">
    <skipped/>
  </testcase> <!-- removeContingentBenficiary -->
  <testcase name="clickSend" time="0.000" classname="com.sureifylife.WebApp">
    <skipped/>
  </testcase> <!-- clickSend -->
  <testcase name="chooseAge" time="20.884" classname="com.sureifylife.WebApp"/>
  <testcase name="invalidLastName" time="0.000" classname="com.sureifylife.WebApp">
    <skipped/>
  </testcase> <!-- invalidLastName -->
  <testcase name="validCellNumber" time="0.000" classname="com.sureifylife.WebApp">
    <skipped/>
  </testcase> <!-- validCellNumber -->
  <testcase name="otherInsurance_Yes_Unsure" time="0.000" classname="com.sureifylife.WebApp">
    <skipped/>
  </testcase> <!-- otherInsurance_Yes_Unsure -->
  <testcase name="validPrimaryBenName" time="0.000" classname="com.sureifylife.WebApp">
    <skipped/>
  </testcase> <!-- validPrimaryBenName -->
  <testcase name="invalidName" time="18.002" classname="com.sureifylife.WebApp"/>
  <testcase name="removePrimaryBenficiary" time="0.000" classname="com.sureifylife.WebApp">
    <skipped/>
  </testcase> <!-- removePrimaryBenficiary -->
  <testcase name="planComparision_Savings" time="3.363" classname="com.sureifylife.WebApp"/>
  <testcase name="clickClose" time="0.000" classname="com.sureifylife.WebApp">
    <skipped/>
  </testcase> <!-- clickClose -->
  <testcase name="clickLink" time="19.928" classname="com.sureifylife.WebApp"/>
  <testcase name="InvalidPrimaryRelationName" time="0.000" classname="com.sureifylife.WebApp">
    <skipped/>
  </testcase> <!-- InvalidPrimaryRelationName -->
  <testcase name="chooseHealth" time="13.078" classname="com.sureifylife.WebApp"/>
  <testcase name="durationInfo" time="10.271" classname="com.sureifylife.WebApp"/>
  <testcase name="addAnotherPolicy" time="0.000" classname="com.sureifylife.WebApp">
    <skipped/>
  </testcase> <!-- addAnotherPolicy -->
  <testcase name="clickToEsign" time="0.000" classname="com.sureifylife.WebApp">
    <skipped/>
  </testcase> <!-- clickToEsign -->
  <testcase name="setUp" time="20.145" classname="com.sureifylife.WebApp"/>
  <testcase name="medicalinfoState" time="0.000" classname="com.sureifylife.WebApp">
    <skipped/>
  </testcase> <!-- medicalinfoState -->
  <testcase name="checkResend_link_btn" time="0.066" classname="com.sureifylife.WebApp"/>
  <testcase name="addPrimaryBenficiary" time="0.000" classname="com.sureifylife.WebApp">
    <skipped/>
  </testcase> <!-- addPrimaryBenficiary -->
  <testcase name="otherInsurances" time="0.000" classname="com.sureifylife.WebApp">
    <skipped/>
  </testcase> <!-- otherInsurances -->
  <testcase name="invalidHomeNumber" time="0.000" classname="com.sureifylife.WebApp">
    <skipped/>
  </testcase> <!-- invalidHomeNumber -->
  <testcase name="validHealthcareProvider" time="0.000" classname="com.sureifylife.WebApp">
    <skipped/>
  </testcase> <!-- validHealthcareProvider -->
  <testcase name="invalidOccupation" time="0.000" classname="com.sureifylife.WebApp">
    <skipped/>
  </testcase> <!-- invalidOccupation -->
  <testcase name="medicalinfoInvalidAddress1" time="0.000" classname="com.sureifylife.WebApp">
    <skipped/>
  </testcase> <!-- medicalinfoInvalidAddress1 -->
  <testcase name="addPercentagePrimaryBenf" time="0.000" classname="com.sureifylife.WebApp">
    <skipped/>
  </testcase> <!-- addPercentagePrimaryBenf -->
  <testcase name="verifyUserName" time="0.291" classname="com.sureifylife.WebApp"/>
  <testcase name="invalidPrimaryBenName" time="0.001" classname="com.sureifylife.WebApp">
    <skipped/>
  </testcase> <!-- invalidPrimaryBenName -->
  <testcase name="checkFitBitDevices" time="0.083" classname="com.sureifylife.WebApp"/>
  <testcase name="next_replacement" time="0.000" classname="com.sureifylife.WebApp">
    <skipped/>
  </testcase> <!-- next_replacement -->
  <testcase name="createAccountInstance" time="0.003" classname="com.sureifylife.WebApp"/>
  <testcase name="checkNewCoverageAmount" time="0.020" classname="com.sureifylife.WebApp"/>
  <testcase name="validFirstName" time="0.001" classname="com.sureifylife.WebApp">
    <skipped/>
  </testcase> <!-- validFirstName -->
  <testcase name="testFiledsWithInvalidData" time="0.000" classname="com.sureifylife.WebApp">
    <skipped/>
  </testcase> <!-- testFiledsWithInvalidData -->
  <testcase name="personalInfo" time="0.000" classname="com.sureifylife.WebApp">
    <skipped/>
  </testcase> <!-- personalInfo -->
  <testcase name="validWeight" time="0.000" classname="com.sureifylife.WebApp">
    <skipped/>
  </testcase> <!-- validWeight -->
  <testcase name="invalidLicenseNumber" time="0.000" classname="com.sureifylife.WebApp">
    <skipped/>
  </testcase> <!-- invalidLicenseNumber -->
  <testcase name="select_No_No" time="0.000" classname="com.sureifylife.WebApp">
    <skipped/>
  </testcase> <!-- select_No_No -->
  <testcase name="addPercentageContingentBenf" time="0.000" classname="com.sureifylife.WebApp">
    <skipped/>
  </testcase> <!-- addPercentageContingentBenf -->
  <testcase name="validzipcode" time="130.848" classname="com.sureifylife.WebApp"/>
  <testcase name="addAnotherDiagnosis" time="0.000" classname="com.sureifylife.WebApp">
    <skipped/>
  </testcase> <!-- addAnotherDiagnosis -->
  <testcase name="validCity" time="0.000" classname="com.sureifylife.WebApp">
    <skipped/>
  </testcase> <!-- validCity -->
  <testcase name="select_Yes_Yes" time="0.000" classname="com.sureifylife.WebApp">
    <skipped/>
  </testcase> <!-- select_Yes_Yes -->
  <testcase name="BeneficiaryInfo" time="0.000" classname="com.sureifylife.WebApp">
    <skipped/>
  </testcase> <!-- BeneficiaryInfo -->
  <testcase name="clickOk" time="0.000" classname="com.sureifylife.WebApp">
    <skipped/>
  </testcase> <!-- clickOk -->
  <testcase name="getAquote_Devices" time="9.497" classname="com.sureifylife.WebApp"/>
  <testcase name="invalidContingentBenfName" time="0.000" classname="com.sureifylife.WebApp">
    <skipped/>
  </testcase> <!-- invalidContingentBenfName -->
  <testcase name="mailLogin" time="25.086" classname="com.sureifylife.WebApp"/>
  <testcase name="invalidDateofDiagnosis" time="0.000" classname="com.sureifylife.WebApp">
    <skipped/>
  </testcase> <!-- invalidDateofDiagnosis -->
  <testcase name="invalidEmail" time="21.709" classname="com.sureifylife.WebApp"/>
  <testcase name="confirmation" time="0.000" classname="com.sureifylife.WebApp">
    <skipped/>
  </testcase> <!-- confirmation -->
  <testcase name="healthInfo" time="10.282" classname="com.sureifylife.WebApp"/>
  <testcase name="validPrimaryRelationName" time="0.000" classname="com.sureifylife.WebApp">
    <skipped/>
  </testcase> <!-- validPrimaryRelationName -->
  <testcase name="iAgree" time="0.000" classname="com.sureifylife.WebApp">
    <skipped/>
  </testcase> <!-- iAgree -->
  <testcase name="medicalInfo" time="0.000" classname="com.sureifylife.WebApp">
    <skipped/>
  </testcase> <!-- medicalInfo -->
  <testcase name="verifyAmountAndDuration" time="0.133" classname="com.sureifylife.WebApp"/>
  <testcase name="validName" time="124.595" classname="com.sureifylife.WebApp"/>
  <testcase name="removePolicy_Replacement" time="0.001" classname="com.sureifylife.WebApp">
    <skipped/>
  </testcase> <!-- removePolicy_Replacement -->
  <testcase name="CBasicinfo" time="9.340" classname="com.sureifylife.WebApp"/>
  <testcase name="validHomeNumber" time="0.000" classname="com.sureifylife.WebApp">
    <skipped/>
  </testcase> <!-- validHomeNumber -->
  <testcase name="validContingentBenfName" time="0.000" classname="com.sureifylife.WebApp">
    <skipped/>
  </testcase> <!-- validContingentBenfName -->
  <testcase name="select_Yes_Diagnosed" time="0.000" classname="com.sureifylife.WebApp">
    <skipped/>
  </testcase> <!-- select_Yes_Diagnosed -->
  <testcase name="select_Person_Me_Yes" time="0.000" classname="com.sureifylife.WebApp">
    <skipped/>
  </testcase> <!-- select_Person_Me_Yes -->
  <testcase name="select_Person_somoneElse" time="0.000" classname="com.sureifylife.WebApp">
    <skipped/>
  </testcase> <!-- select_Person_somoneElse -->
  <testcase name="blogo" time="5.515" classname="com.sureifylife.WebApp"/>
  <testcase name="medicalinfovalidCity" time="0.000" classname="com.sureifylife.WebApp">
    <skipped/>
  </testcase> <!-- medicalinfovalidCity -->
  <testcase name="checkFieldReq" time="0.000" classname="com.sureifylife.WebApp">
    <skipped/>
  </testcase> <!-- checkFieldReq -->
  <testcase name="selectHeight" time="0.000" classname="com.sureifylife.WebApp">
    <skipped/>
  </testcase> <!-- selectHeight -->
  <testcase name="buyNow" time="10.742" classname="com.sureifylife.WebApp"/>
  <testcase name="learnMore" time="5.166" classname="com.sureifylife.WebApp"/>
  <testcase name="blog" time="12.128" classname="com.sureifylife.WebApp"/>
  <testcase name="inavalidAddress1" time="0.000" classname="com.sureifylife.WebApp">
    <skipped/>
  </testcase> <!-- inavalidAddress1 -->
  <testcase name="clickConditionalNext" time="0.000" classname="com.sureifylife.WebApp">
    <skipped/>
  </testcase> <!-- clickConditionalNext -->
  <testcase name="clickToSign" time="0.000" classname="com.sureifylife.WebApp">
    <skipped/>
  </testcase> <!-- clickToSign -->
  <testcase name="InvalidPrimaryBenfPer" time="0.000" classname="com.sureifylife.WebApp">
    <skipped/>
  </testcase> <!-- InvalidPrimaryBenfPer -->
  <testcase name="selectOtherTab" time="0.000" classname="com.sureifylife.WebApp">
    <skipped/>
  </testcase> <!-- selectOtherTab -->
  <testcase name="getaQuote" time="13.752" classname="com.sureifylife.WebApp"/>
  <testcase name="validWorkZip" time="0.000" classname="com.sureifylife.WebApp">
    <skipped/>
  </testcase> <!-- validWorkZip -->
  <testcase name="checkNewYearlyPremium" time="0.027" classname="com.sureifylife.WebApp"/>
  <testcase name="select_Person_Me_No" time="0.000" classname="com.sureifylife.WebApp">
    <skipped/>
  </testcase> <!-- select_Person_Me_No -->
  <testcase name="medicalinfoInvalidCity" time="0.000" classname="com.sureifylife.WebApp">
    <skipped/>
  </testcase> <!-- medicalinfoInvalidCity -->
  <testcase name="chooseFaceAmount" time="9.120" classname="com.sureifylife.WebApp"/>
  <testcase name="chooseDuration" time="6.833" classname="com.sureifylife.WebApp"/>
  <testcase name="validZipCode" time="0.000" classname="com.sureifylife.WebApp">
    <skipped/>
  </testcase> <!-- validZipCode -->
  <testcase name="trust" time="0.000" classname="com.sureifylife.WebApp">
    <skipped/>
  </testcase> <!-- trust -->
  <testcase name="replacement" time="0.000" classname="com.sureifylife.WebApp">
    <skipped/>
  </testcase> <!-- replacement -->
  <testcase name="payment" time="0.000" classname="com.sureifylife.WebApp">
    <skipped/>
  </testcase> <!-- payment -->
  <testcase name="getQuoteInfo" time="9.148" classname="com.sureifylife.WebApp"/>
  <testcase name="invalidConfirmPasswordData" time="19.682" classname="com.sureifylife.WebApp"/>
  <testcase name="checkNewMonthlyPremium" time="0.050" classname="com.sureifylife.WebApp"/>
  <testcase name="notInUs" time="0.000" classname="com.sureifylife.WebApp">
    <skipped/>
  </testcase> <!-- notInUs -->
  <testcase name="validContingentRelationName" time="0.000" classname="com.sureifylife.WebApp">
    <skipped/>
  </testcase> <!-- validContingentRelationName -->
  <testcase name="addAnotherReplacement" time="0.000" classname="com.sureifylife.WebApp">
    <skipped/>
  </testcase> <!-- addAnotherReplacement -->
  <testcase name="zipcodeInfo" time="10.423" classname="com.sureifylife.WebApp"/>
  <testcase name="clickConfirm" time="0.000" classname="com.sureifylife.WebApp">
    <skipped/>
  </testcase> <!-- clickConfirm -->
  <testcase name="pro_Savings" time="13.847" classname="com.sureifylife.WebApp"/>
  <testcase name="checkGreyLayout" time="0.000" classname="com.sureifylife.WebApp">
    <skipped/>
  </testcase> <!-- checkGreyLayout -->
  <testcase name="getCaptcha" time="32.318" classname="com.sureifylife.WebApp"/>
  <testcase name="medicalinfoValidAddress1" time="0.000" classname="com.sureifylife.WebApp">
    <skipped/>
  </testcase> <!-- medicalinfoValidAddress1 -->
  <testcase name="selectUserState" time="0.000" classname="com.sureifylife.WebApp">
    <skipped/>
  </testcase> <!-- selectUserState -->
  <testcase name="chooseGender" time="4.225" classname="com.sureifylife.WebApp"/>
  <testcase name="devices" time="9.561" classname="com.sureifylife.WebApp"/>
  <testcase name="validConfirmPassword" time="3.212" classname="com.sureifylife.WebApp"/>
  <testcase name="selectState" time="0.000" classname="com.sureifylife.WebApp">
    <skipped/>
  </testcase> <!-- selectState -->
  <testcase name="clickUpdate" time="0.000" classname="com.sureifylife.WebApp">
    <skipped/>
  </testcase> <!-- clickUpdate -->
  <testcase name="ageInfo" time="10.255" classname="com.sureifylife.WebApp"/>
  <testcase name="learnMore_Savings" time="3.147" classname="com.sureifylife.WebApp"/>
  <testcase name="confirmApply" time="6.173" classname="com.sureifylife.WebApp"/>
  <testcase name="getRate" time="10.228" classname="com.sureifylife.WebApp"/>
  <testcase name="medicalinfoValidZip" time="0.000" classname="com.sureifylife.WebApp">
    <skipped/>
  </testcase> <!-- medicalinfoValidZip -->
  <testcase name="invalidzipcode" time="27.199" classname="com.sureifylife.WebApp"/>
  <testcase name="validContingentBenfPer" time="0.000" classname="com.sureifylife.WebApp">
    <skipped/>
  </testcase> <!-- validContingentBenfPer -->
  <testcase name="enterAddress2" time="0.000" classname="com.sureifylife.WebApp">
    <skipped/>
  </testcase> <!-- enterAddress2 -->
  <testcase name="verifyShowAndHidePassword" time="13.074" classname="com.sureifylife.WebApp"/>
  <testcase name="getquoteButton" time="6.346" classname="com.sureifylife.WebApp"/>
  <testcase name="InvalidWeight" time="0.000" classname="com.sureifylife.WebApp">
    <skipped/>
  </testcase> <!-- InvalidWeight -->
  <testcase name="clickCreat" time="0.003" classname="com.sureifylife.WebApp">
    <error type="org.openqa.selenium.WebDriverException" message="chrome not reachable
  (Session info: chrome=53.0.2785.101)
  (Driver info: chromedriver=2.23.409687 (c46e862757edc04c06b1bd88724d15a5807b84d1),platform=Linux 3.13.0-41-generic x86_64) (WARNING: The server did not provide any stacktrace information)
Command duration or timeout: 2 milliseconds
Build info: version: &#039;unknown&#039;, revision: &#039;350cf60&#039;, time: &#039;2016-10-13 10:43:56 -0700&#039;
System info: host: &#039;pradeep&#039;, ip: &#039;127.0.1.1&#039;, os.name: &#039;Linux&#039;, os.arch: &#039;amd64&#039;, os.version: &#039;3.13.0-41-generic&#039;, java.version: &#039;1.8.0_91&#039;
Driver info: org.openqa.selenium.chrome.ChromeDriver
Capabilities [{applicationCacheEnabled=false, rotatable=false, mobileEmulationEnabled=false, networkConnectionEnabled=false, chrome={chromedriverVersion=2.23.409687 (c46e862757edc04c06b1bd88724d15a5807b84d1), userDataDir=/tmp/.org.chromium.Chromium.8Dq6JR}, takesHeapSnapshot=true, databaseEnabled=false, handlesAlerts=true, hasTouchScreen=false, version=53.0.2785.101, platform=LINUX, browserConnectionEnabled=false, nativeEvents=true, acceptSslCerts=true, locationContextEnabled=true, webStorageEnabled=true, browserName=chrome, takesScreenshot=true, javascriptEnabled=true, cssSelectorsEnabled=true}]
Session ID: 4ad7cfd7569d3f6997a208c1e6eba797
*** Element info: {Using=id, value=create_button}">
      <![CDATA[org.openqa.selenium.WebDriverException: chrome not reachable
  (Session info: chrome=53.0.2785.101)
  (Driver info: chromedriver=2.23.409687 (c46e862757edc04c06b1bd88724d15a5807b84d1),platform=Linux 3.13.0-41-generic x86_64) (WARNING: The server did not provide any stacktrace information)
Command duration or timeout: 2 milliseconds
Build info: version: 'unknown', revision: '350cf60', time: '2016-10-13 10:43:56 -0700'
System info: host: 'pradeep', ip: '127.0.1.1', os.name: 'Linux', os.arch: 'amd64', os.version: '3.13.0-41-generic', java.version: '1.8.0_91'
Driver info: org.openqa.selenium.chrome.ChromeDriver
Capabilities [{applicationCacheEnabled=false, rotatable=false, mobileEmulationEnabled=false, networkConnectionEnabled=false, chrome={chromedriverVersion=2.23.409687 (c46e862757edc04c06b1bd88724d15a5807b84d1), userDataDir=/tmp/.org.chromium.Chromium.8Dq6JR}, takesHeapSnapshot=true, databaseEnabled=false, handlesAlerts=true, hasTouchScreen=false, version=53.0.2785.101, platform=LINUX, browserConnectionEnabled=false, nativeEvents=true, acceptSslCerts=true, locationContextEnabled=true, webStorageEnabled=true, browserName=chrome, takesScreenshot=true, javascriptEnabled=true, cssSelectorsEnabled=true}]
Session ID: 4ad7cfd7569d3f6997a208c1e6eba797
*** Element info: {Using=id, value=create_button}
	at sun.reflect.NativeConstructorAccessorImpl.newInstance0(Native Method)
	at sun.reflect.NativeConstructorAccessorImpl.newInstance(NativeConstructorAccessorImpl.java:62)
	at sun.reflect.DelegatingConstructorAccessorImpl.newInstance(DelegatingConstructorAccessorImpl.java:45)
	at java.lang.reflect.Constructor.newInstance(Constructor.java:423)
	at org.openqa.selenium.remote.ErrorHandler.createThrowable(ErrorHandler.java:216)
	at org.openqa.selenium.remote.ErrorHandler.throwIfResponseFailed(ErrorHandler.java:168)
	at org.openqa.selenium.remote.RemoteWebDriver.execute(RemoteWebDriver.java:635)
	at org.openqa.selenium.remote.RemoteWebDriver.findElement(RemoteWebDriver.java:368)
	at org.openqa.selenium.remote.RemoteWebDriver.findElementById(RemoteWebDriver.java:417)
	at org.openqa.selenium.By$ById.findElement(By.java:218)
	at org.openqa.selenium.remote.RemoteWebDriver.findElement(RemoteWebDriver.java:360)
	at com.sureifylife.AppProcessCreateAcount.clickCreat(AppProcessCreateAcount.java:334)
	at com.sureifylife.WebApp.clickCreat(WebApp.java:576)
	at sun.reflect.NativeMethodAccessorImpl.invoke0(Native Method)
	at sun.reflect.NativeMethodAccessorImpl.invoke(NativeMethodAccessorImpl.java:62)
	at sun.reflect.DelegatingMethodAccessorImpl.invoke(DelegatingMethodAccessorImpl.java:43)
	at java.lang.reflect.Method.invoke(Method.java:498)
	at org.testng.internal.MethodInvocationHelper.invokeMethod(MethodInvocationHelper.java:100)
	at org.testng.internal.Invoker.invokeMethod(Invoker.java:646)
	at org.testng.internal.Invoker.invokeTestMethod(Invoker.java:811)
	at org.testng.internal.Invoker.invokeTestMethods(Invoker.java:1137)
	at org.testng.internal.TestMethodWorker.invokeTestMethods(TestMethodWorker.java:129)
	at org.testng.internal.TestMethodWorker.run(TestMethodWorker.java:112)
	at org.testng.TestRunner.privateRun(TestRunner.java:753)
	at org.testng.TestRunner.run(TestRunner.java:607)
	at org.testng.SuiteRunner.runTest(SuiteRunner.java:368)
	at org.testng.SuiteRunner.runSequentially(SuiteRunner.java:363)
	at org.testng.SuiteRunner.privateRun(SuiteRunner.java:321)
	at org.testng.SuiteRunner.run(SuiteRunner.java:270)
	at org.testng.SuiteRunnerWorker.runSuite(SuiteRunnerWorker.java:52)
	at org.testng.SuiteRunnerWorker.run(SuiteRunnerWorker.java:86)
	at org.testng.TestNG.runSuitesSequentially(TestNG.java:1284)
	at org.testng.TestNG.runSuitesLocally(TestNG.java:1209)
	at org.testng.TestNG.runSuites(TestNG.java:1124)
	at org.testng.TestNG.run(TestNG.java:1096)
	at org.testng.remote.AbstractRemoteTestNG.run(AbstractRemoteTestNG.java:132)
	at org.testng.remote.RemoteTestNG.initAndRun(RemoteTestNG.java:236)
	at org.testng.remote.RemoteTestNG.main(RemoteTestNG.java:81)
]]>
    </error>
  </testcase> <!-- clickCreat -->
  <testcase name="select_No_Diagnosed" time="0.000" classname="com.sureifylife.WebApp">
    <skipped/>
  </testcase> <!-- select_No_Diagnosed -->
  <testcase name="captcha" time="95.619" classname="com.sureifylife.WebApp">
    <error type="org.openqa.selenium.WebDriverException" message="chrome not reachable
  (Session info: chrome=53.0.2785.101)
  (Driver info: chromedriver=2.23.409687 (c46e862757edc04c06b1bd88724d15a5807b84d1),platform=Linux 3.13.0-41-generic x86_64) (WARNING: The server did not provide any stacktrace information)
Command duration or timeout: 4 milliseconds
Build info: version: &#039;unknown&#039;, revision: &#039;350cf60&#039;, time: &#039;2016-10-13 10:43:56 -0700&#039;
System info: host: &#039;pradeep&#039;, ip: &#039;127.0.1.1&#039;, os.name: &#039;Linux&#039;, os.arch: &#039;amd64&#039;, os.version: &#039;3.13.0-41-generic&#039;, java.version: &#039;1.8.0_91&#039;
Driver info: org.openqa.selenium.chrome.ChromeDriver
Capabilities [{applicationCacheEnabled=false, rotatable=false, mobileEmulationEnabled=false, networkConnectionEnabled=false, chrome={chromedriverVersion=2.23.409687 (c46e862757edc04c06b1bd88724d15a5807b84d1), userDataDir=/tmp/.org.chromium.Chromium.8Dq6JR}, takesHeapSnapshot=true, databaseEnabled=false, handlesAlerts=true, hasTouchScreen=false, version=53.0.2785.101, platform=LINUX, browserConnectionEnabled=false, nativeEvents=true, acceptSslCerts=true, locationContextEnabled=true, webStorageEnabled=true, browserName=chrome, takesScreenshot=true, javascriptEnabled=true, cssSelectorsEnabled=true}]
Session ID: 4ad7cfd7569d3f6997a208c1e6eba797">
      <![CDATA[org.openqa.selenium.WebDriverException: chrome not reachable
  (Session info: chrome=53.0.2785.101)
  (Driver info: chromedriver=2.23.409687 (c46e862757edc04c06b1bd88724d15a5807b84d1),platform=Linux 3.13.0-41-generic x86_64) (WARNING: The server did not provide any stacktrace information)
Command duration or timeout: 4 milliseconds
Build info: version: 'unknown', revision: '350cf60', time: '2016-10-13 10:43:56 -0700'
System info: host: 'pradeep', ip: '127.0.1.1', os.name: 'Linux', os.arch: 'amd64', os.version: '3.13.0-41-generic', java.version: '1.8.0_91'
Driver info: org.openqa.selenium.chrome.ChromeDriver
Capabilities [{applicationCacheEnabled=false, rotatable=false, mobileEmulationEnabled=false, networkConnectionEnabled=false, chrome={chromedriverVersion=2.23.409687 (c46e862757edc04c06b1bd88724d15a5807b84d1), userDataDir=/tmp/.org.chromium.Chromium.8Dq6JR}, takesHeapSnapshot=true, databaseEnabled=false, handlesAlerts=true, hasTouchScreen=false, version=53.0.2785.101, platform=LINUX, browserConnectionEnabled=false, nativeEvents=true, acceptSslCerts=true, locationContextEnabled=true, webStorageEnabled=true, browserName=chrome, takesScreenshot=true, javascriptEnabled=true, cssSelectorsEnabled=true}]
Session ID: 4ad7cfd7569d3f6997a208c1e6eba797
	at sun.reflect.NativeConstructorAccessorImpl.newInstance0(Native Method)
	at sun.reflect.NativeConstructorAccessorImpl.newInstance(NativeConstructorAccessorImpl.java:62)
	at sun.reflect.DelegatingConstructorAccessorImpl.newInstance(DelegatingConstructorAccessorImpl.java:45)
	at java.lang.reflect.Constructor.newInstance(Constructor.java:423)
	at org.openqa.selenium.remote.ErrorHandler.createThrowable(ErrorHandler.java:216)
	at org.openqa.selenium.remote.ErrorHandler.throwIfResponseFailed(ErrorHandler.java:168)
	at org.openqa.selenium.remote.RemoteWebDriver.execute(RemoteWebDriver.java:635)
	at org.openqa.selenium.remote.RemoteWebElement.execute(RemoteWebElement.java:274)
	at org.openqa.selenium.remote.RemoteWebElement.getAttribute(RemoteWebElement.java:126)
	at org.openqa.selenium.support.ui.ExpectedConditions$37.apply(ExpectedConditions.java:1109)
	at org.openqa.selenium.support.ui.ExpectedConditions$37.apply(ExpectedConditions.java:1104)
	at org.openqa.selenium.support.ui.FluentWait.until(FluentWait.java:238)
	at com.sureifylife.AppProcessCreateAcount.captcha(AppProcessCreateAcount.java:325)
	at com.sureifylife.WebApp.captcha(WebApp.java:570)
	at sun.reflect.NativeMethodAccessorImpl.invoke0(Native Method)
	at sun.reflect.NativeMethodAccessorImpl.invoke(NativeMethodAccessorImpl.java:62)
	at sun.reflect.DelegatingMethodAccessorImpl.invoke(DelegatingMethodAccessorImpl.java:43)
	at java.lang.reflect.Method.invoke(Method.java:498)
	at org.testng.internal.MethodInvocationHelper.invokeMethod(MethodInvocationHelper.java:100)
	at org.testng.internal.Invoker.invokeMethod(Invoker.java:646)
	at org.testng.internal.Invoker.invokeTestMethod(Invoker.java:811)
	at org.testng.internal.Invoker.invokeTestMethods(Invoker.java:1137)
	at org.testng.internal.TestMethodWorker.invokeTestMethods(TestMethodWorker.java:129)
	at org.testng.internal.TestMethodWorker.run(TestMethodWorker.java:112)
	at org.testng.TestRunner.privateRun(TestRunner.java:753)
	at org.testng.TestRunner.run(TestRunner.java:607)
	at org.testng.SuiteRunner.runTest(SuiteRunner.java:368)
	at org.testng.SuiteRunner.runSequentially(SuiteRunner.java:363)
	at org.testng.SuiteRunner.privateRun(SuiteRunner.java:321)
	at org.testng.SuiteRunner.run(SuiteRunner.java:270)
	at org.testng.SuiteRunnerWorker.runSuite(SuiteRunnerWorker.java:52)
	at org.testng.SuiteRunnerWorker.run(SuiteRunnerWorker.java:86)
	at org.testng.TestNG.runSuitesSequentially(TestNG.java:1284)
	at org.testng.TestNG.runSuitesLocally(TestNG.java:1209)
	at org.testng.TestNG.runSuites(TestNG.java:1124)
	at org.testng.TestNG.run(TestNG.java:1096)
	at org.testng.remote.AbstractRemoteTestNG.run(AbstractRemoteTestNG.java:132)
	at org.testng.remote.RemoteTestNG.initAndRun(RemoteTestNG.java:236)
	at org.testng.remote.RemoteTestNG.main(RemoteTestNG.java:81)
]]>
    </error>
  </testcase> <!-- captcha -->
  <testcase name="clickNextInPersonalINfo" time="0.000" classname="com.sureifylife.WebApp">
    <skipped/>
  </testcase> <!-- clickNextInPersonalINfo -->
  <testcase name="otherInsurance_No" time="0.000" classname="com.sureifylife.WebApp">
    <skipped/>
  </testcase> <!-- otherInsurance_No -->
  <testcase name="verifyEmailAddress" time="0.083" classname="com.sureifylife.WebApp"/>
  <testcase name="validMiddleName" time="0.000" classname="com.sureifylife.WebApp">
    <skipped/>
  </testcase> <!-- validMiddleName -->
  <testcase name="validOccupation" time="0.000" classname="com.sureifylife.WebApp">
    <skipped/>
  </testcase> <!-- validOccupation -->
  <testcase name="conditionalReceipt" time="0.000" classname="com.sureifylife.WebApp">
    <skipped/>
  </testcase> <!-- conditionalReceipt -->
  <testcase name="checkFitbitDeviceVisible" time="0.069" classname="com.sureifylife.WebApp"/>
  <testcase name="clickEdit" time="0.000" classname="com.sureifylife.WebApp">
    <skipped/>
  </testcase> <!-- clickEdit -->
  <testcase name="clickSameAdd" time="0.000" classname="com.sureifylife.WebApp">
    <skipped/>
  </testcase> <!-- clickSameAdd -->
  <testcase name="medicalinfoValidAddress2" time="0.000" classname="com.sureifylife.WebApp">
    <skipped/>
  </testcase> <!-- medicalinfoValidAddress2 -->
  <testcase name="validAddress1" time="0.000" classname="com.sureifylife.WebApp">
    <skipped/>
  </testcase> <!-- validAddress1 -->
  <testcase name="consent" time="0.000" classname="com.sureifylife.WebApp">
    <skipped/>
  </testcase> <!-- consent -->
  <testcase name="learnMore_Devices" time="3.181" classname="com.sureifylife.WebApp"/>
  <testcase name="ownershipInfo" time="0.000" classname="com.sureifylife.WebApp">
    <skipped/>
  </testcase> <!-- ownershipInfo -->
  <testcase name="otherInsurance_Yes_Yes" time="0.000" classname="com.sureifylife.WebApp">
    <skipped/>
  </testcase> <!-- otherInsurance_Yes_Yes -->
  <testcase name="removeDiagnosis" time="0.000" classname="com.sureifylife.WebApp">
    <skipped/>
  </testcase> <!-- removeDiagnosis -->
  <testcase name="choosGender" time="0.000" classname="com.sureifylife.WebApp">
    <skipped/>
  </testcase> <!-- choosGender -->
  <testcase name="checkNewDuration" time="0.019" classname="com.sureifylife.WebApp"/>
  <testcase name="validWorkNumber" time="0.000" classname="com.sureifylife.WebApp">
    <skipped/>
  </testcase> <!-- validWorkNumber -->
  <testcase name="invalidContingentBenfPer" time="0.000" classname="com.sureifylife.WebApp">
    <skipped/>
  </testcase> <!-- invalidContingentBenfPer -->
  <testcase name="validPrimaryBenfPer" time="0.000" classname="com.sureifylife.WebApp">
    <skipped/>
  </testcase> <!-- validPrimaryBenfPer -->
  <testcase name="otherInsurance_Yes_No" time="0.000" classname="com.sureifylife.WebApp">
    <skipped/>
  </testcase> <!-- otherInsurance_Yes_No -->
  <testcase name="clickContinue" time="0.000" classname="com.sureifylife.WebApp">
    <skipped/>
  </testcase> <!-- clickContinue -->
  <testcase name="clickCvrgDurationQst" time="6.304" classname="com.sureifylife.WebApp"/>
  <testcase name="invalidContingentRelationName" time="0.000" classname="com.sureifylife.WebApp">
    <skipped/>
  </testcase> <!-- invalidContingentRelationName -->
  <testcase name="bannerText" time="0.113" classname="com.sureifylife.WebApp"/>
  <testcase name="validLicenseNumber" time="0.000" classname="com.sureifylife.WebApp">
    <skipped/>
  </testcase> <!-- validLicenseNumber -->
  <testcase name="userLogin" time="0.000" classname="com.sureifylife.WebApp">
    <skipped/>
  </testcase> <!-- userLogin -->
  <testcase name="clickGetStarted" time="0.000" classname="com.sureifylife.WebApp">
    <skipped/>
  </testcase> <!-- clickGetStarted -->
  <testcase name="BasicInfo" time="0.121" classname="com.sureifylife.WebApp"/>
  <testcase name="validDiagnosis" time="0.000" classname="com.sureifylife.WebApp">
    <skipped/>
  </testcase> <!-- validDiagnosis -->
  <testcase name="medicalinfoInvalidZip" time="0.000" classname="com.sureifylife.WebApp">
    <skipped/>
  </testcase> <!-- medicalinfoInvalidZip -->
  <testcase name="removePolicy" time="0.000" classname="com.sureifylife.WebApp">
    <skipped/>
  </testcase> <!-- removePolicy -->
</testsuite> <!-- com.sureifylife.WebApp -->
